                                                          QUERY PLAN                                                           
-------------------------------------------------------------------------------------------------------------------------------
 HashAggregate  (cost=5.62..6.03 rows=11 width=516) (actual time=28.493..28.500 rows=13 loops=1)
   Group Key: d.nome
   Filter: (count(*) > 3)
   Batches: 1  Memory Usage: 24kB
   Rows Removed by Filter: 8
   ->  Hash Join  (cost=1.74..5.12 rows=100 width=516) (actual time=28.390..28.443 rows=98 loops=1)
         Hash Cond: (e.dep_id = d.dep_id)
         ->  Seq Scan on empregados e  (cost=0.00..2.00 rows=100 width=4) (actual time=6.990..7.002 rows=100 loops=1)
         ->  Hash  (cost=1.33..1.33 rows=33 width=520) (actual time=21.377..21.378 rows=33 loops=1)
               Buckets: 1024  Batches: 1  Memory Usage: 10kB
               ->  Seq Scan on departamentos d  (cost=0.00..1.33 rows=33 width=520) (actual time=0.142..0.153 rows=33 loops=1)
 Planning Time: 539.989 ms
 Execution Time: 92.293 ms
(13 rows)

                                                          QUERY PLAN                                                           
-------------------------------------------------------------------------------------------------------------------------------
 HashAggregate  (cost=5.62..6.03 rows=11 width=516) (actual time=0.076..0.079 rows=13 loops=1)
   Group Key: d.nome
   Filter: (count(*) > 3)
   Batches: 1  Memory Usage: 24kB
   Rows Removed by Filter: 8
   ->  Hash Join  (cost=1.74..5.12 rows=100 width=516) (actual time=0.034..0.055 rows=98 loops=1)
         Hash Cond: (e.dep_id = d.dep_id)
         ->  Seq Scan on empregados e  (cost=0.00..2.00 rows=100 width=4) (actual time=0.005..0.010 rows=100 loops=1)
         ->  Hash  (cost=1.33..1.33 rows=33 width=520) (actual time=0.015..0.015 rows=33 loops=1)
               Buckets: 1024  Batches: 1  Memory Usage: 10kB
               ->  Seq Scan on departamentos d  (cost=0.00..1.33 rows=33 width=520) (actual time=0.003..0.006 rows=33 loops=1)
 Planning Time: 0.395 ms
 Execution Time: 0.170 ms
(13 rows)

                                                          QUERY PLAN                                                           
-------------------------------------------------------------------------------------------------------------------------------
 HashAggregate  (cost=5.62..6.03 rows=11 width=516) (actual time=0.076..0.080 rows=13 loops=1)
   Group Key: d.nome
   Filter: (count(*) > 3)
   Batches: 1  Memory Usage: 24kB
   Rows Removed by Filter: 8
   ->  Hash Join  (cost=1.74..5.12 rows=100 width=516) (actual time=0.034..0.054 rows=98 loops=1)
         Hash Cond: (e.dep_id = d.dep_id)
         ->  Seq Scan on empregados e  (cost=0.00..2.00 rows=100 width=4) (actual time=0.005..0.010 rows=100 loops=1)
         ->  Hash  (cost=1.33..1.33 rows=33 width=520) (actual time=0.015..0.015 rows=33 loops=1)
               Buckets: 1024  Batches: 1  Memory Usage: 10kB
               ->  Seq Scan on departamentos d  (cost=0.00..1.33 rows=33 width=520) (actual time=0.003..0.006 rows=33 loops=1)
 Planning Time: 0.395 ms
 Execution Time: 0.169 ms
(13 rows)

                                                          QUERY PLAN                                                           
-------------------------------------------------------------------------------------------------------------------------------
 HashAggregate  (cost=5.62..6.03 rows=11 width=516) (actual time=0.076..0.079 rows=13 loops=1)
   Group Key: d.nome
   Filter: (count(*) > 3)
   Batches: 1  Memory Usage: 24kB
   Rows Removed by Filter: 8
   ->  Hash Join  (cost=1.74..5.12 rows=100 width=516) (actual time=0.033..0.054 rows=98 loops=1)
         Hash Cond: (e.dep_id = d.dep_id)
         ->  Seq Scan on empregados e  (cost=0.00..2.00 rows=100 width=4) (actual time=0.005..0.011 rows=100 loops=1)
         ->  Hash  (cost=1.33..1.33 rows=33 width=520) (actual time=0.015..0.015 rows=33 loops=1)
               Buckets: 1024  Batches: 1  Memory Usage: 10kB
               ->  Seq Scan on departamentos d  (cost=0.00..1.33 rows=33 width=520) (actual time=0.003..0.006 rows=33 loops=1)
 Planning Time: 0.481 ms
 Execution Time: 0.173 ms
(13 rows)

                                                          QUERY PLAN                                                           
-------------------------------------------------------------------------------------------------------------------------------
 HashAggregate  (cost=5.62..6.03 rows=11 width=516) (actual time=0.078..0.081 rows=13 loops=1)
   Group Key: d.nome
   Filter: (count(*) > 3)
   Batches: 1  Memory Usage: 24kB
   Rows Removed by Filter: 8
   ->  Hash Join  (cost=1.74..5.12 rows=100 width=516) (actual time=0.035..0.056 rows=98 loops=1)
         Hash Cond: (e.dep_id = d.dep_id)
         ->  Seq Scan on empregados e  (cost=0.00..2.00 rows=100 width=4) (actual time=0.006..0.011 rows=100 loops=1)
         ->  Hash  (cost=1.33..1.33 rows=33 width=520) (actual time=0.016..0.016 rows=33 loops=1)
               Buckets: 1024  Batches: 1  Memory Usage: 10kB
               ->  Seq Scan on departamentos d  (cost=0.00..1.33 rows=33 width=520) (actual time=0.003..0.006 rows=33 loops=1)
 Planning Time: 0.412 ms
 Execution Time: 0.175 ms
(13 rows)

