                                                         QUERY PLAN                                                          
-----------------------------------------------------------------------------------------------------------------------------
 HashAggregate  (cost=5.62..5.95 rows=33 width=8) (actual time=17.296..17.300 rows=31 loops=1)
   Group Key: d.dep_id
   Batches: 1  Memory Usage: 24kB
   ->  Hash Join  (cost=1.74..5.12 rows=100 width=8) (actual time=17.246..17.270 rows=98 loops=1)
         Hash Cond: (e.dep_id = d.dep_id)
         ->  Seq Scan on empregados e  (cost=0.00..2.00 rows=100 width=8) (actual time=7.075..7.081 rows=100 loops=1)
         ->  Hash  (cost=1.33..1.33 rows=33 width=4) (actual time=10.147..10.148 rows=33 loops=1)
               Buckets: 1024  Batches: 1  Memory Usage: 10kB
               ->  Seq Scan on departamentos d  (cost=0.00..1.33 rows=33 width=4) (actual time=0.270..0.276 rows=33 loops=1)
 Planning Time: 195.144 ms
 Execution Time: 48.203 ms
(11 rows)

                                                         QUERY PLAN                                                          
-----------------------------------------------------------------------------------------------------------------------------
 HashAggregate  (cost=5.62..5.95 rows=33 width=8) (actual time=0.080..0.084 rows=31 loops=1)
   Group Key: d.dep_id
   Batches: 1  Memory Usage: 24kB
   ->  Hash Join  (cost=1.74..5.12 rows=100 width=8) (actual time=0.038..0.061 rows=98 loops=1)
         Hash Cond: (e.dep_id = d.dep_id)
         ->  Seq Scan on empregados e  (cost=0.00..2.00 rows=100 width=8) (actual time=0.003..0.008 rows=100 loops=1)
         ->  Hash  (cost=1.33..1.33 rows=33 width=4) (actual time=0.021..0.021 rows=33 loops=1)
               Buckets: 1024  Batches: 1  Memory Usage: 10kB
               ->  Seq Scan on departamentos d  (cost=0.00..1.33 rows=33 width=4) (actual time=0.007..0.009 rows=33 loops=1)
 Planning Time: 0.286 ms
 Execution Time: 0.174 ms
(11 rows)

                                                         QUERY PLAN                                                          
-----------------------------------------------------------------------------------------------------------------------------
 HashAggregate  (cost=5.62..5.95 rows=33 width=8) (actual time=0.080..0.084 rows=31 loops=1)
   Group Key: d.dep_id
   Batches: 1  Memory Usage: 24kB
   ->  Hash Join  (cost=1.74..5.12 rows=100 width=8) (actual time=0.038..0.061 rows=98 loops=1)
         Hash Cond: (e.dep_id = d.dep_id)
         ->  Seq Scan on empregados e  (cost=0.00..2.00 rows=100 width=8) (actual time=0.003..0.008 rows=100 loops=1)
         ->  Hash  (cost=1.33..1.33 rows=33 width=4) (actual time=0.021..0.021 rows=33 loops=1)
               Buckets: 1024  Batches: 1  Memory Usage: 10kB
               ->  Seq Scan on departamentos d  (cost=0.00..1.33 rows=33 width=4) (actual time=0.007..0.010 rows=33 loops=1)
 Planning Time: 0.279 ms
 Execution Time: 0.176 ms
(11 rows)

                                                         QUERY PLAN                                                          
-----------------------------------------------------------------------------------------------------------------------------
 HashAggregate  (cost=5.62..5.95 rows=33 width=8) (actual time=0.081..0.086 rows=31 loops=1)
   Group Key: d.dep_id
   Batches: 1  Memory Usage: 24kB
   ->  Hash Join  (cost=1.74..5.12 rows=100 width=8) (actual time=0.039..0.062 rows=98 loops=1)
         Hash Cond: (e.dep_id = d.dep_id)
         ->  Seq Scan on empregados e  (cost=0.00..2.00 rows=100 width=8) (actual time=0.003..0.009 rows=100 loops=1)
         ->  Hash  (cost=1.33..1.33 rows=33 width=4) (actual time=0.022..0.022 rows=33 loops=1)
               Buckets: 1024  Batches: 1  Memory Usage: 10kB
               ->  Seq Scan on departamentos d  (cost=0.00..1.33 rows=33 width=4) (actual time=0.008..0.010 rows=33 loops=1)
 Planning Time: 0.286 ms
 Execution Time: 0.178 ms
(11 rows)

                                                         QUERY PLAN                                                          
-----------------------------------------------------------------------------------------------------------------------------
 HashAggregate  (cost=5.62..5.95 rows=33 width=8) (actual time=0.080..0.085 rows=31 loops=1)
   Group Key: d.dep_id
   Batches: 1  Memory Usage: 24kB
   ->  Hash Join  (cost=1.74..5.12 rows=100 width=8) (actual time=0.038..0.061 rows=98 loops=1)
         Hash Cond: (e.dep_id = d.dep_id)
         ->  Seq Scan on empregados e  (cost=0.00..2.00 rows=100 width=8) (actual time=0.004..0.009 rows=100 loops=1)
         ->  Hash  (cost=1.33..1.33 rows=33 width=4) (actual time=0.021..0.021 rows=33 loops=1)
               Buckets: 1024  Batches: 1  Memory Usage: 10kB
               ->  Seq Scan on departamentos d  (cost=0.00..1.33 rows=33 width=4) (actual time=0.007..0.009 rows=33 loops=1)
 Planning Time: 0.304 ms
 Execution Time: 0.175 ms
(11 rows)

