                                                      QUERY PLAN                                                       
-----------------------------------------------------------------------------------------------------------------------
 WindowAgg  (cost=5.32..7.07 rows=100 width=51) (actual time=134.713..134.763 rows=100 loops=1)
   ->  Sort  (cost=5.32..5.57 rows=100 width=19) (actual time=134.654..134.659 rows=100 loops=1)
         Sort Key: dep_id
         Sort Method: quicksort  Memory: 32kB
         ->  Seq Scan on empregados  (cost=0.00..2.00 rows=100 width=19) (actual time=30.221..30.232 rows=100 loops=1)
 Planning Time: 290.809 ms
 Execution Time: 317.745 ms
(7 rows)

                                                     QUERY PLAN                                                      
---------------------------------------------------------------------------------------------------------------------
 WindowAgg  (cost=5.32..7.07 rows=100 width=51) (actual time=0.057..0.107 rows=100 loops=1)
   ->  Sort  (cost=5.32..5.57 rows=100 width=19) (actual time=0.050..0.054 rows=100 loops=1)
         Sort Key: dep_id
         Sort Method: quicksort  Memory: 32kB
         ->  Seq Scan on empregados  (cost=0.00..2.00 rows=100 width=19) (actual time=0.005..0.014 rows=100 loops=1)
 Planning Time: 0.276 ms
 Execution Time: 0.211 ms
(7 rows)

                                                     QUERY PLAN                                                      
---------------------------------------------------------------------------------------------------------------------
 WindowAgg  (cost=5.32..7.07 rows=100 width=51) (actual time=0.058..0.107 rows=100 loops=1)
   ->  Sort  (cost=5.32..5.57 rows=100 width=19) (actual time=0.050..0.054 rows=100 loops=1)
         Sort Key: dep_id
         Sort Method: quicksort  Memory: 32kB
         ->  Seq Scan on empregados  (cost=0.00..2.00 rows=100 width=19) (actual time=0.005..0.014 rows=100 loops=1)
 Planning Time: 0.247 ms
 Execution Time: 0.210 ms
(7 rows)

                                                     QUERY PLAN                                                      
---------------------------------------------------------------------------------------------------------------------
 WindowAgg  (cost=5.32..7.07 rows=100 width=51) (actual time=0.057..0.106 rows=100 loops=1)
   ->  Sort  (cost=5.32..5.57 rows=100 width=19) (actual time=0.050..0.054 rows=100 loops=1)
         Sort Key: dep_id
         Sort Method: quicksort  Memory: 32kB
         ->  Seq Scan on empregados  (cost=0.00..2.00 rows=100 width=19) (actual time=0.005..0.014 rows=100 loops=1)
 Planning Time: 0.363 ms
 Execution Time: 0.207 ms
(7 rows)

                                                     QUERY PLAN                                                      
---------------------------------------------------------------------------------------------------------------------
 WindowAgg  (cost=5.32..7.07 rows=100 width=51) (actual time=0.108..0.227 rows=100 loops=1)
   ->  Sort  (cost=5.32..5.57 rows=100 width=19) (actual time=0.085..0.094 rows=100 loops=1)
         Sort Key: dep_id
         Sort Method: quicksort  Memory: 32kB
         ->  Seq Scan on empregados  (cost=0.00..2.00 rows=100 width=19) (actual time=0.008..0.031 rows=100 loops=1)
 Planning Time: 0.502 ms
 Execution Time: 0.377 ms
(7 rows)

