                                                      QUERY PLAN                                                       
-----------------------------------------------------------------------------------------------------------------------
 Seq Scan on empregados e1  (cost=0.00..229.50 rows=33 width=19) (actual time=7.175..8.033 rows=47 loops=1)
   Filter: ((salario)::numeric > (SubPlan 1))
   Rows Removed by Filter: 53
   SubPlan 1
     ->  Aggregate  (cost=2.26..2.27 rows=1 width=32) (actual time=0.008..0.009 rows=1 loops=100)
           ->  Seq Scan on empregados e2  (cost=0.00..2.25 rows=3 width=4) (actual time=0.003..0.007 rows=4 loops=100)
                 Filter: (e1.dep_id = dep_id)
                 Rows Removed by Filter: 96
 Planning Time: 251.165 ms
 Execution Time: 27.043 ms
(10 rows)

                                                      QUERY PLAN                                                       
-----------------------------------------------------------------------------------------------------------------------
 Seq Scan on empregados e1  (cost=0.00..229.50 rows=33 width=19) (actual time=0.038..0.931 rows=47 loops=1)
   Filter: ((salario)::numeric > (SubPlan 1))
   Rows Removed by Filter: 53
   SubPlan 1
     ->  Aggregate  (cost=2.26..2.27 rows=1 width=32) (actual time=0.009..0.009 rows=1 loops=100)
           ->  Seq Scan on empregados e2  (cost=0.00..2.25 rows=3 width=4) (actual time=0.003..0.007 rows=4 loops=100)
                 Filter: (e1.dep_id = dep_id)
                 Rows Removed by Filter: 96
 Planning Time: 0.288 ms
 Execution Time: 0.998 ms
(10 rows)

                                                      QUERY PLAN                                                       
-----------------------------------------------------------------------------------------------------------------------
 Seq Scan on empregados e1  (cost=0.00..229.50 rows=33 width=19) (actual time=0.038..0.825 rows=47 loops=1)
   Filter: ((salario)::numeric > (SubPlan 1))
   Rows Removed by Filter: 53
   SubPlan 1
     ->  Aggregate  (cost=2.26..2.27 rows=1 width=32) (actual time=0.008..0.008 rows=1 loops=100)
           ->  Seq Scan on empregados e2  (cost=0.00..2.25 rows=3 width=4) (actual time=0.002..0.006 rows=4 loops=100)
                 Filter: (e1.dep_id = dep_id)
                 Rows Removed by Filter: 96
 Planning Time: 0.348 ms
 Execution Time: 0.891 ms
(10 rows)

                                                      QUERY PLAN                                                       
-----------------------------------------------------------------------------------------------------------------------
 Seq Scan on empregados e1  (cost=0.00..229.50 rows=33 width=19) (actual time=0.094..1.980 rows=47 loops=1)
   Filter: ((salario)::numeric > (SubPlan 1))
   Rows Removed by Filter: 53
   SubPlan 1
     ->  Aggregate  (cost=2.26..2.27 rows=1 width=32) (actual time=0.018..0.018 rows=1 loops=100)
           ->  Seq Scan on empregados e2  (cost=0.00..2.25 rows=3 width=4) (actual time=0.006..0.015 rows=4 loops=100)
                 Filter: (e1.dep_id = dep_id)
                 Rows Removed by Filter: 96
 Planning Time: 0.497 ms
 Execution Time: 2.081 ms
(10 rows)

                                                      QUERY PLAN                                                       
-----------------------------------------------------------------------------------------------------------------------
 Seq Scan on empregados e1  (cost=0.00..229.50 rows=33 width=19) (actual time=0.065..1.665 rows=47 loops=1)
   Filter: ((salario)::numeric > (SubPlan 1))
   Rows Removed by Filter: 53
   SubPlan 1
     ->  Aggregate  (cost=2.26..2.27 rows=1 width=32) (actual time=0.015..0.016 rows=1 loops=100)
           ->  Seq Scan on empregados e2  (cost=0.00..2.25 rows=3 width=4) (actual time=0.005..0.013 rows=4 loops=100)
                 Filter: (e1.dep_id = dep_id)
                 Rows Removed by Filter: 96
 Planning Time: 0.411 ms
 Execution Time: 1.794 ms
(10 rows)

