                                                      QUERY PLAN                                                       
-----------------------------------------------------------------------------------------------------------------------
 Hash Join  (cost=3.25..6.88 rows=96 width=11) (actual time=39.693..39.718 rows=95 loops=1)
   Hash Cond: (e1.supervisor_id = e2.emp_id)
   Join Filter: (e1.dep_id <> e2.dep_id)
   Rows Removed by Join Filter: 5
   ->  Seq Scan on empregados e1  (cost=0.00..2.00 rows=100 width=15) (actual time=29.366..29.371 rows=100 loops=1)
   ->  Hash  (cost=2.00..2.00 rows=100 width=8) (actual time=10.299..10.299 rows=100 loops=1)
         Buckets: 1024  Batches: 1  Memory Usage: 12kB
         ->  Seq Scan on empregados e2  (cost=0.00..2.00 rows=100 width=8) (actual time=0.010..0.022 rows=100 loops=1)
 Planning Time: 238.366 ms
 Execution Time: 49.115 ms
(10 rows)

                                                      QUERY PLAN                                                       
-----------------------------------------------------------------------------------------------------------------------
 Hash Join  (cost=3.25..6.88 rows=96 width=11) (actual time=0.057..0.082 rows=95 loops=1)
   Hash Cond: (e1.supervisor_id = e2.emp_id)
   Join Filter: (e1.dep_id <> e2.dep_id)
   Rows Removed by Join Filter: 5
   ->  Seq Scan on empregados e1  (cost=0.00..2.00 rows=100 width=15) (actual time=0.006..0.011 rows=100 loops=1)
   ->  Hash  (cost=2.00..2.00 rows=100 width=8) (actual time=0.033..0.033 rows=100 loops=1)
         Buckets: 1024  Batches: 1  Memory Usage: 12kB
         ->  Seq Scan on empregados e2  (cost=0.00..2.00 rows=100 width=8) (actual time=0.003..0.011 rows=100 loops=1)
 Planning Time: 0.403 ms
 Execution Time: 0.134 ms
(10 rows)

                                                      QUERY PLAN                                                       
-----------------------------------------------------------------------------------------------------------------------
 Hash Join  (cost=3.25..6.88 rows=96 width=11) (actual time=0.060..0.084 rows=95 loops=1)
   Hash Cond: (e1.supervisor_id = e2.emp_id)
   Join Filter: (e1.dep_id <> e2.dep_id)
   Rows Removed by Join Filter: 5
   ->  Seq Scan on empregados e1  (cost=0.00..2.00 rows=100 width=15) (actual time=0.006..0.011 rows=100 loops=1)
   ->  Hash  (cost=2.00..2.00 rows=100 width=8) (actual time=0.033..0.033 rows=100 loops=1)
         Buckets: 1024  Batches: 1  Memory Usage: 12kB
         ->  Seq Scan on empregados e2  (cost=0.00..2.00 rows=100 width=8) (actual time=0.003..0.011 rows=100 loops=1)
 Planning Time: 0.579 ms
 Execution Time: 0.142 ms
(10 rows)

                                                      QUERY PLAN                                                       
-----------------------------------------------------------------------------------------------------------------------
 Hash Join  (cost=3.25..6.88 rows=96 width=11) (actual time=0.058..0.082 rows=95 loops=1)
   Hash Cond: (e1.supervisor_id = e2.emp_id)
   Join Filter: (e1.dep_id <> e2.dep_id)
   Rows Removed by Join Filter: 5
   ->  Seq Scan on empregados e1  (cost=0.00..2.00 rows=100 width=15) (actual time=0.005..0.010 rows=100 loops=1)
   ->  Hash  (cost=2.00..2.00 rows=100 width=8) (actual time=0.033..0.033 rows=100 loops=1)
         Buckets: 1024  Batches: 1  Memory Usage: 12kB
         ->  Seq Scan on empregados e2  (cost=0.00..2.00 rows=100 width=8) (actual time=0.003..0.011 rows=100 loops=1)
 Planning Time: 0.397 ms
 Execution Time: 0.134 ms
(10 rows)

                                                      QUERY PLAN                                                       
-----------------------------------------------------------------------------------------------------------------------
 Hash Join  (cost=3.25..6.88 rows=96 width=11) (actual time=0.059..0.083 rows=95 loops=1)
   Hash Cond: (e1.supervisor_id = e2.emp_id)
   Join Filter: (e1.dep_id <> e2.dep_id)
   Rows Removed by Join Filter: 5
   ->  Seq Scan on empregados e1  (cost=0.00..2.00 rows=100 width=15) (actual time=0.006..0.011 rows=100 loops=1)
   ->  Hash  (cost=2.00..2.00 rows=100 width=8) (actual time=0.032..0.033 rows=100 loops=1)
         Buckets: 1024  Batches: 1  Memory Usage: 12kB
         ->  Seq Scan on empregados e2  (cost=0.00..2.00 rows=100 width=8) (actual time=0.003..0.011 rows=100 loops=1)
 Planning Time: 0.404 ms
 Execution Time: 0.135 ms
(10 rows)

