                                                          QUERY PLAN
-------------------------------------------------------------------------------------------------------------------------------
 HashAggregate  (cost=760.74..761.07 rows=33 width=27) (actual time=207.076..207.097 rows=33 loops=1)
   Group Key: d.dep_id, d.nome
   Batches: 1  Memory Usage: 24kB
   ->  Hash Right Join  (cost=1.74..610.74 rows=20000 width=23) (actual time=53.044..188.717 rows=19399 loops=1)
         Hash Cond: (e.dep_id = d.dep_id)
         ->  Seq Scan on empregados e  (cost=0.00..334.00 rows=20000 width=8) (actual time=13.808..127.819 rows=20000 loops=1)
         ->  Hash  (cost=1.33..1.33 rows=33 width=19) (actual time=39.190..39.191 rows=33 loops=1)
               Buckets: 1024  Batches: 1  Memory Usage: 10kB
               ->  Seq Scan on departamentos d  (cost=0.00..1.33 rows=33 width=19) (actual time=8.096..8.109 rows=33 loops=1)
 Planning Time: 582.382 ms
 Execution Time: 269.430 ms
(11 rows)

                                                          QUERY PLAN                                                          
------------------------------------------------------------------------------------------------------------------------------
 HashAggregate  (cost=760.74..761.07 rows=33 width=27) (actual time=11.472..11.484 rows=33 loops=1)
   Group Key: d.dep_id, d.nome
   Batches: 1  Memory Usage: 24kB
   ->  Hash Right Join  (cost=1.74..610.74 rows=20000 width=23) (actual time=0.031..6.835 rows=19399 loops=1)
         Hash Cond: (e.dep_id = d.dep_id)
         ->  Seq Scan on empregados e  (cost=0.00..334.00 rows=20000 width=8) (actual time=0.002..1.357 rows=20000 loops=1)
         ->  Hash  (cost=1.33..1.33 rows=33 width=19) (actual time=0.019..0.020 rows=33 loops=1)
               Buckets: 1024  Batches: 1  Memory Usage: 10kB
               ->  Seq Scan on departamentos d  (cost=0.00..1.33 rows=33 width=19) (actual time=0.004..0.006 rows=33 loops=1)
 Planning Time: 0.487 ms
 Execution Time: 11.590 ms
(11 rows)

                                                          QUERY PLAN                                                          
------------------------------------------------------------------------------------------------------------------------------
 HashAggregate  (cost=760.74..761.07 rows=33 width=27) (actual time=14.500..14.508 rows=33 loops=1)
   Group Key: d.dep_id, d.nome
   Batches: 1  Memory Usage: 24kB
   ->  Hash Right Join  (cost=1.74..610.74 rows=20000 width=23) (actual time=0.035..8.682 rows=19399 loops=1)
         Hash Cond: (e.dep_id = d.dep_id)
         ->  Seq Scan on empregados e  (cost=0.00..334.00 rows=20000 width=8) (actual time=0.002..1.753 rows=20000 loops=1)
         ->  Hash  (cost=1.33..1.33 rows=33 width=19) (actual time=0.024..0.024 rows=33 loops=1)
               Buckets: 1024  Batches: 1  Memory Usage: 10kB
               ->  Seq Scan on departamentos d  (cost=0.00..1.33 rows=33 width=19) (actual time=0.003..0.007 rows=33 loops=1)
 Planning Time: 0.482 ms
 Execution Time: 14.615 ms
(11 rows)

                                                          QUERY PLAN                                                          
------------------------------------------------------------------------------------------------------------------------------
 HashAggregate  (cost=760.74..761.07 rows=33 width=27) (actual time=10.482..10.488 rows=33 loops=1)
   Group Key: d.dep_id, d.nome
   Batches: 1  Memory Usage: 24kB
   ->  Hash Right Join  (cost=1.74..610.74 rows=20000 width=23) (actual time=0.090..6.341 rows=19399 loops=1)
         Hash Cond: (e.dep_id = d.dep_id)
         ->  Seq Scan on empregados e  (cost=0.00..334.00 rows=20000 width=8) (actual time=0.007..1.301 rows=20000 loops=1)
         ->  Hash  (cost=1.33..1.33 rows=33 width=19) (actual time=0.057..0.058 rows=33 loops=1)
               Buckets: 1024  Batches: 1  Memory Usage: 10kB
               ->  Seq Scan on departamentos d  (cost=0.00..1.33 rows=33 width=19) (actual time=0.010..0.013 rows=33 loops=1)
 Planning Time: 0.501 ms
 Execution Time: 10.677 ms
(11 rows)

                                                          QUERY PLAN                                                          
------------------------------------------------------------------------------------------------------------------------------
 HashAggregate  (cost=760.74..761.07 rows=33 width=27) (actual time=10.537..10.543 rows=33 loops=1)
   Group Key: d.dep_id, d.nome
   Batches: 1  Memory Usage: 24kB
   ->  Hash Right Join  (cost=1.74..610.74 rows=20000 width=23) (actual time=0.036..6.271 rows=19399 loops=1)
         Hash Cond: (e.dep_id = d.dep_id)
         ->  Seq Scan on empregados e  (cost=0.00..334.00 rows=20000 width=8) (actual time=0.002..1.264 rows=20000 loops=1)
         ->  Hash  (cost=1.33..1.33 rows=33 width=19) (actual time=0.024..0.025 rows=33 loops=1)
               Buckets: 1024  Batches: 1  Memory Usage: 10kB
               ->  Seq Scan on departamentos d  (cost=0.00..1.33 rows=33 width=19) (actual time=0.004..0.008 rows=33 loops=1)
 Planning Time: 0.436 ms
 Execution Time: 10.649 ms
(11 rows)

