                                                           QUERY PLAN                                                           
--------------------------------------------------------------------------------------------------------------------------------
 HashAggregate  (cost=710.74..711.03 rows=8 width=15) (actual time=54.694..54.698 rows=22 loops=1)
   Group Key: d.nome
   Filter: (count(*) > 3)
   Batches: 1  Memory Usage: 24kB
   ->  Hash Join  (cost=1.74..610.74 rows=20000 width=15) (actual time=28.384..51.408 rows=19398 loops=1)
         Hash Cond: (e.dep_id = d.dep_id)
         ->  Seq Scan on empregados e  (cost=0.00..334.00 rows=20000 width=4) (actual time=8.819..28.555 rows=20000 loops=1)
         ->  Hash  (cost=1.33..1.33 rows=33 width=19) (actual time=19.537..19.538 rows=33 loops=1)
               Buckets: 1024  Batches: 1  Memory Usage: 10kB
               ->  Seq Scan on departamentos d  (cost=0.00..1.33 rows=33 width=19) (actual time=10.588..10.594 rows=33 loops=1)
 Planning Time: 191.976 ms
 Execution Time: 73.981 ms
(12 rows)

                                                          QUERY PLAN                                                          
------------------------------------------------------------------------------------------------------------------------------
 HashAggregate  (cost=710.74..711.03 rows=8 width=15) (actual time=8.300..8.308 rows=22 loops=1)
   Group Key: d.nome
   Filter: (count(*) > 3)
   Batches: 1  Memory Usage: 24kB
   ->  Hash Join  (cost=1.74..610.74 rows=20000 width=15) (actual time=0.042..4.967 rows=19398 loops=1)
         Hash Cond: (e.dep_id = d.dep_id)
         ->  Seq Scan on empregados e  (cost=0.00..334.00 rows=20000 width=4) (actual time=0.009..1.260 rows=20000 loops=1)
         ->  Hash  (cost=1.33..1.33 rows=33 width=19) (actual time=0.020..0.020 rows=33 loops=1)
               Buckets: 1024  Batches: 1  Memory Usage: 10kB
               ->  Seq Scan on departamentos d  (cost=0.00..1.33 rows=33 width=19) (actual time=0.003..0.006 rows=33 loops=1)
 Planning Time: 0.413 ms
 Execution Time: 8.434 ms
(12 rows)

                                                          QUERY PLAN                                                          
------------------------------------------------------------------------------------------------------------------------------
 HashAggregate  (cost=710.74..711.03 rows=8 width=15) (actual time=21.247..21.252 rows=22 loops=1)
   Group Key: d.nome
   Filter: (count(*) > 3)
   Batches: 1  Memory Usage: 24kB
   ->  Hash Join  (cost=1.74..610.74 rows=20000 width=15) (actual time=0.043..12.810 rows=19398 loops=1)
         Hash Cond: (e.dep_id = d.dep_id)
         ->  Seq Scan on empregados e  (cost=0.00..334.00 rows=20000 width=4) (actual time=0.009..2.888 rows=20000 loops=1)
         ->  Hash  (cost=1.33..1.33 rows=33 width=19) (actual time=0.020..0.021 rows=33 loops=1)
               Buckets: 1024  Batches: 1  Memory Usage: 10kB
               ->  Seq Scan on departamentos d  (cost=0.00..1.33 rows=33 width=19) (actual time=0.003..0.006 rows=33 loops=1)
 Planning Time: 0.428 ms
 Execution Time: 21.350 ms
(12 rows)

                                                          QUERY PLAN                                                          
------------------------------------------------------------------------------------------------------------------------------
 HashAggregate  (cost=710.74..711.03 rows=8 width=15) (actual time=16.628..16.632 rows=22 loops=1)
   Group Key: d.nome
   Filter: (count(*) > 3)
   Batches: 1  Memory Usage: 24kB
   ->  Hash Join  (cost=1.74..610.74 rows=20000 width=15) (actual time=0.051..9.759 rows=19398 loops=1)
         Hash Cond: (e.dep_id = d.dep_id)
         ->  Seq Scan on empregados e  (cost=0.00..334.00 rows=20000 width=4) (actual time=0.009..2.115 rows=20000 loops=1)
         ->  Hash  (cost=1.33..1.33 rows=33 width=19) (actual time=0.028..0.028 rows=33 loops=1)
               Buckets: 1024  Batches: 1  Memory Usage: 10kB
               ->  Seq Scan on departamentos d  (cost=0.00..1.33 rows=33 width=19) (actual time=0.003..0.010 rows=33 loops=1)
 Planning Time: 0.529 ms
 Execution Time: 16.736 ms
(12 rows)

                                                          QUERY PLAN                                                          
------------------------------------------------------------------------------------------------------------------------------
 HashAggregate  (cost=710.74..711.03 rows=8 width=15) (actual time=8.175..8.178 rows=22 loops=1)
   Group Key: d.nome
   Filter: (count(*) > 3)
   Batches: 1  Memory Usage: 24kB
   ->  Hash Join  (cost=1.74..610.74 rows=20000 width=15) (actual time=0.042..4.823 rows=19398 loops=1)
         Hash Cond: (e.dep_id = d.dep_id)
         ->  Seq Scan on empregados e  (cost=0.00..334.00 rows=20000 width=4) (actual time=0.009..1.277 rows=20000 loops=1)
         ->  Hash  (cost=1.33..1.33 rows=33 width=19) (actual time=0.020..0.020 rows=33 loops=1)
               Buckets: 1024  Batches: 1  Memory Usage: 10kB
               ->  Seq Scan on departamentos d  (cost=0.00..1.33 rows=33 width=19) (actual time=0.003..0.006 rows=33 loops=1)
 Planning Time: 0.405 ms
 Execution Time: 8.270 ms
(12 rows)

