                                                          QUERY PLAN                                                           
-------------------------------------------------------------------------------------------------------------------------------
 Hash Join  (cost=584.00..1243.00 rows=19393 width=11) (actual time=198.661..203.554 rows=19393 loops=1)
   Hash Cond: (e1.supervisor_id = e2.emp_id)
   Join Filter: (e1.dep_id <> e2.dep_id)
   Rows Removed by Join Filter: 607
   ->  Seq Scan on empregados e1  (cost=0.00..334.00 rows=20000 width=15) (actual time=53.267..54.263 rows=20000 loops=1)
   ->  Hash  (cost=334.00..334.00 rows=20000 width=8) (actual time=145.238..145.239 rows=20000 loops=1)
         Buckets: 32768  Batches: 1  Memory Usage: 1038kB
         ->  Seq Scan on empregados e2  (cost=0.00..334.00 rows=20000 width=8) (actual time=0.008..122.030 rows=20000 loops=1)
 Planning Time: 398.698 ms
 Execution Time: 246.799 ms
(10 rows)

                                                         QUERY PLAN                                                          
-----------------------------------------------------------------------------------------------------------------------------
 Hash Join  (cost=584.00..1243.00 rows=19393 width=11) (actual time=4.277..9.342 rows=19393 loops=1)
   Hash Cond: (e1.supervisor_id = e2.emp_id)
   Join Filter: (e1.dep_id <> e2.dep_id)
   Rows Removed by Join Filter: 607
   ->  Seq Scan on empregados e1  (cost=0.00..334.00 rows=20000 width=15) (actual time=0.003..1.046 rows=20000 loops=1)
   ->  Hash  (cost=334.00..334.00 rows=20000 width=8) (actual time=4.139..4.141 rows=20000 loops=1)
         Buckets: 32768  Batches: 1  Memory Usage: 1038kB
         ->  Seq Scan on empregados e2  (cost=0.00..334.00 rows=20000 width=8) (actual time=0.007..1.698 rows=20000 loops=1)
 Planning Time: 0.398 ms
 Execution Time: 9.987 ms
(10 rows)

                                                         QUERY PLAN                                                          
-----------------------------------------------------------------------------------------------------------------------------
 Hash Join  (cost=584.00..1243.00 rows=19393 width=11) (actual time=4.290..9.267 rows=19393 loops=1)
   Hash Cond: (e1.supervisor_id = e2.emp_id)
   Join Filter: (e1.dep_id <> e2.dep_id)
   Rows Removed by Join Filter: 607
   ->  Seq Scan on empregados e1  (cost=0.00..334.00 rows=20000 width=15) (actual time=0.003..1.022 rows=20000 loops=1)
   ->  Hash  (cost=334.00..334.00 rows=20000 width=8) (actual time=4.141..4.142 rows=20000 loops=1)
         Buckets: 32768  Batches: 1  Memory Usage: 1038kB
         ->  Seq Scan on empregados e2  (cost=0.00..334.00 rows=20000 width=8) (actual time=0.007..1.692 rows=20000 loops=1)
 Planning Time: 0.400 ms
 Execution Time: 9.861 ms
(10 rows)

                                                         QUERY PLAN                                                          
-----------------------------------------------------------------------------------------------------------------------------
 Hash Join  (cost=584.00..1243.00 rows=19393 width=11) (actual time=4.392..9.480 rows=19393 loops=1)
   Hash Cond: (e1.supervisor_id = e2.emp_id)
   Join Filter: (e1.dep_id <> e2.dep_id)
   Rows Removed by Join Filter: 607
   ->  Seq Scan on empregados e1  (cost=0.00..334.00 rows=20000 width=15) (actual time=0.003..1.082 rows=20000 loops=1)
   ->  Hash  (cost=334.00..334.00 rows=20000 width=8) (actual time=4.251..4.252 rows=20000 loops=1)
         Buckets: 32768  Batches: 1  Memory Usage: 1038kB
         ->  Seq Scan on empregados e2  (cost=0.00..334.00 rows=20000 width=8) (actual time=0.007..1.708 rows=20000 loops=1)
 Planning Time: 0.407 ms
 Execution Time: 10.074 ms
(10 rows)

                                                         QUERY PLAN                                                          
-----------------------------------------------------------------------------------------------------------------------------
 Hash Join  (cost=584.00..1243.00 rows=19393 width=11) (actual time=4.290..9.268 rows=19393 loops=1)
   Hash Cond: (e1.supervisor_id = e2.emp_id)
   Join Filter: (e1.dep_id <> e2.dep_id)
   Rows Removed by Join Filter: 607
   ->  Seq Scan on empregados e1  (cost=0.00..334.00 rows=20000 width=15) (actual time=0.003..1.023 rows=20000 loops=1)
   ->  Hash  (cost=334.00..334.00 rows=20000 width=8) (actual time=4.152..4.153 rows=20000 loops=1)
         Buckets: 32768  Batches: 1  Memory Usage: 1038kB
         ->  Seq Scan on empregados e2  (cost=0.00..334.00 rows=20000 width=8) (actual time=0.007..1.696 rows=20000 loops=1)
 Planning Time: 0.394 ms
 Execution Time: 9.859 ms
(10 rows)

