                                                                  QUERY PLAN                                                                  
----------------------------------------------------------------------------------------------------------------------------------------------
 Hash Join  (cost=435.15..874.24 rows=225 width=15) (actual time=65.426..69.486 rows=243 loops=1)
   Hash Cond: ((empregados.dep_id = empregados_1.dep_id) AND (empregados.salario = (max(empregados_1.salario))))
   ->  Seq Scan on empregados  (cost=0.00..334.00 rows=20000 width=15) (actual time=31.094..32.526 rows=20000 loops=1)
   ->  Hash  (cost=434.66..434.66 rows=33 width=8) (actual time=34.303..34.304 rows=33 loops=1)
         Buckets: 1024  Batches: 1  Memory Usage: 10kB
         ->  HashAggregate  (cost=434.00..434.33 rows=33 width=8) (actual time=34.264..34.270 rows=33 loops=1)
               Group Key: empregados_1.dep_id
               Batches: 1  Memory Usage: 24kB
               ->  Seq Scan on empregados empregados_1  (cost=0.00..334.00 rows=20000 width=8) (actual time=0.008..22.716 rows=20000 loops=1)
 Planning Time: 199.448 ms
 Execution Time: 78.898 ms
(11 rows)

                                                                 QUERY PLAN                                                                  
---------------------------------------------------------------------------------------------------------------------------------------------
 Hash Join  (cost=435.15..874.24 rows=225 width=15) (actual time=4.288..7.157 rows=243 loops=1)
   Hash Cond: ((empregados.dep_id = empregados_1.dep_id) AND (empregados.salario = (max(empregados_1.salario))))
   ->  Seq Scan on empregados  (cost=0.00..334.00 rows=20000 width=15) (actual time=0.003..0.986 rows=20000 loops=1)
   ->  Hash  (cost=434.66..434.66 rows=33 width=8) (actual time=4.265..4.266 rows=33 loops=1)
         Buckets: 1024  Batches: 1  Memory Usage: 10kB
         ->  HashAggregate  (cost=434.00..434.33 rows=33 width=8) (actual time=4.251..4.255 rows=33 loops=1)
               Group Key: empregados_1.dep_id
               Batches: 1  Memory Usage: 24kB
               ->  Seq Scan on empregados empregados_1  (cost=0.00..334.00 rows=20000 width=8) (actual time=0.001..1.070 rows=20000 loops=1)
 Planning Time: 0.334 ms
 Execution Time: 7.257 ms
(11 rows)

                                                                 QUERY PLAN                                                                  
---------------------------------------------------------------------------------------------------------------------------------------------
 Hash Join  (cost=435.15..874.24 rows=225 width=15) (actual time=4.763..7.653 rows=243 loops=1)
   Hash Cond: ((empregados.dep_id = empregados_1.dep_id) AND (empregados.salario = (max(empregados_1.salario))))
   ->  Seq Scan on empregados  (cost=0.00..334.00 rows=20000 width=15) (actual time=0.003..0.992 rows=20000 loops=1)
   ->  Hash  (cost=434.66..434.66 rows=33 width=8) (actual time=4.738..4.739 rows=33 loops=1)
         Buckets: 1024  Batches: 1  Memory Usage: 10kB
         ->  HashAggregate  (cost=434.00..434.33 rows=33 width=8) (actual time=4.720..4.724 rows=33 loops=1)
               Group Key: empregados_1.dep_id
               Batches: 1  Memory Usage: 24kB
               ->  Seq Scan on empregados empregados_1  (cost=0.00..334.00 rows=20000 width=8) (actual time=0.002..1.157 rows=20000 loops=1)
 Planning Time: 0.332 ms
 Execution Time: 7.757 ms
(11 rows)

                                                                 QUERY PLAN                                                                  
---------------------------------------------------------------------------------------------------------------------------------------------
 Hash Join  (cost=435.15..874.24 rows=225 width=15) (actual time=5.167..14.028 rows=243 loops=1)
   Hash Cond: ((empregados.dep_id = empregados_1.dep_id) AND (empregados.salario = (max(empregados_1.salario))))
   ->  Seq Scan on empregados  (cost=0.00..334.00 rows=20000 width=15) (actual time=0.003..2.793 rows=20000 loops=1)
   ->  Hash  (cost=434.66..434.66 rows=33 width=8) (actual time=5.136..5.137 rows=33 loops=1)
         Buckets: 1024  Batches: 1  Memory Usage: 10kB
         ->  HashAggregate  (cost=434.00..434.33 rows=33 width=8) (actual time=5.101..5.112 rows=33 loops=1)
               Group Key: empregados_1.dep_id
               Batches: 1  Memory Usage: 24kB
               ->  Seq Scan on empregados empregados_1  (cost=0.00..334.00 rows=20000 width=8) (actual time=0.002..1.268 rows=20000 loops=1)
 Planning Time: 0.332 ms
 Execution Time: 14.147 ms
(11 rows)

                                                                 QUERY PLAN                                                                  
---------------------------------------------------------------------------------------------------------------------------------------------
 Hash Join  (cost=435.15..874.24 rows=225 width=15) (actual time=4.293..7.472 rows=243 loops=1)
   Hash Cond: ((empregados.dep_id = empregados_1.dep_id) AND (empregados.salario = (max(empregados_1.salario))))
   ->  Seq Scan on empregados  (cost=0.00..334.00 rows=20000 width=15) (actual time=0.003..1.084 rows=20000 loops=1)
   ->  Hash  (cost=434.66..434.66 rows=33 width=8) (actual time=4.270..4.271 rows=33 loops=1)
         Buckets: 1024  Batches: 1  Memory Usage: 10kB
         ->  HashAggregate  (cost=434.00..434.33 rows=33 width=8) (actual time=4.256..4.260 rows=33 loops=1)
               Group Key: empregados_1.dep_id
               Batches: 1  Memory Usage: 24kB
               ->  Seq Scan on empregados empregados_1  (cost=0.00..334.00 rows=20000 width=8) (actual time=0.001..1.070 rows=20000 loops=1)
 Planning Time: 0.331 ms
 Execution Time: 7.577 ms
(11 rows)

