                                                              QUERY PLAN                                                               
---------------------------------------------------------------------------------------------------------------------------------------
 Hash Join  (cost=3.62..6.14 rows=2 width=15) (actual time=51.652..51.671 rows=32 loops=1)
   Hash Cond: ((empregados.dep_id = empregados_1.dep_id) AND (empregados.salario = (max(empregados_1.salario))))
   ->  Seq Scan on empregados  (cost=0.00..2.00 rows=100 width=15) (actual time=51.534..51.540 rows=100 loops=1)
   ->  Hash  (cost=3.14..3.14 rows=32 width=8) (actual time=0.090..0.091 rows=32 loops=1)
         Buckets: 1024  Batches: 1  Memory Usage: 10kB
         ->  HashAggregate  (cost=2.50..2.82 rows=32 width=8) (actual time=0.066..0.070 rows=32 loops=1)
               Group Key: empregados_1.dep_id
               Batches: 1  Memory Usage: 24kB
               ->  Seq Scan on empregados empregados_1  (cost=0.00..2.00 rows=100 width=8) (actual time=0.007..0.012 rows=100 loops=1)
 Planning Time: 817.086 ms
 Execution Time: 61.128 ms
(11 rows)

                                                              QUERY PLAN                                                               
---------------------------------------------------------------------------------------------------------------------------------------
 Hash Join  (cost=3.62..6.14 rows=2 width=15) (actual time=0.063..0.082 rows=32 loops=1)
   Hash Cond: ((empregados.dep_id = empregados_1.dep_id) AND (empregados.salario = (max(empregados_1.salario))))
   ->  Seq Scan on empregados  (cost=0.00..2.00 rows=100 width=15) (actual time=0.003..0.008 rows=100 loops=1)
   ->  Hash  (cost=3.14..3.14 rows=32 width=8) (actual time=0.041..0.042 rows=32 loops=1)
         Buckets: 1024  Batches: 1  Memory Usage: 10kB
         ->  HashAggregate  (cost=2.50..2.82 rows=32 width=8) (actual time=0.030..0.033 rows=32 loops=1)
               Group Key: empregados_1.dep_id
               Batches: 1  Memory Usage: 24kB
               ->  Seq Scan on empregados empregados_1  (cost=0.00..2.00 rows=100 width=8) (actual time=0.002..0.007 rows=100 loops=1)
 Planning Time: 0.327 ms
 Execution Time: 0.187 ms
(11 rows)

                                                              QUERY PLAN                                                               
---------------------------------------------------------------------------------------------------------------------------------------
 Hash Join  (cost=3.62..6.14 rows=2 width=15) (actual time=0.065..0.083 rows=32 loops=1)
   Hash Cond: ((empregados.dep_id = empregados_1.dep_id) AND (empregados.salario = (max(empregados_1.salario))))
   ->  Seq Scan on empregados  (cost=0.00..2.00 rows=100 width=15) (actual time=0.004..0.009 rows=100 loops=1)
   ->  Hash  (cost=3.14..3.14 rows=32 width=8) (actual time=0.041..0.041 rows=32 loops=1)
         Buckets: 1024  Batches: 1  Memory Usage: 10kB
         ->  HashAggregate  (cost=2.50..2.82 rows=32 width=8) (actual time=0.029..0.033 rows=32 loops=1)
               Group Key: empregados_1.dep_id
               Batches: 1  Memory Usage: 24kB
               ->  Seq Scan on empregados empregados_1  (cost=0.00..2.00 rows=100 width=8) (actual time=0.002..0.007 rows=100 loops=1)
 Planning Time: 0.342 ms
 Execution Time: 0.175 ms
(11 rows)

                                                              QUERY PLAN                                                               
---------------------------------------------------------------------------------------------------------------------------------------
 Hash Join  (cost=3.62..6.14 rows=2 width=15) (actual time=0.112..0.157 rows=32 loops=1)
   Hash Cond: ((empregados.dep_id = empregados_1.dep_id) AND (empregados.salario = (max(empregados_1.salario))))
   ->  Seq Scan on empregados  (cost=0.00..2.00 rows=100 width=15) (actual time=0.005..0.016 rows=100 loops=1)
   ->  Hash  (cost=3.14..3.14 rows=32 width=8) (actual time=0.084..0.085 rows=32 loops=1)
         Buckets: 1024  Batches: 1  Memory Usage: 10kB
         ->  HashAggregate  (cost=2.50..2.82 rows=32 width=8) (actual time=0.061..0.071 rows=32 loops=1)
               Group Key: empregados_1.dep_id
               Batches: 1  Memory Usage: 24kB
               ->  Seq Scan on empregados empregados_1  (cost=0.00..2.00 rows=100 width=8) (actual time=0.004..0.014 rows=100 loops=1)
 Planning Time: 0.401 ms
 Execution Time: 0.266 ms
(11 rows)

                                                              QUERY PLAN                                                               
---------------------------------------------------------------------------------------------------------------------------------------
 Hash Join  (cost=3.62..6.14 rows=2 width=15) (actual time=0.063..0.082 rows=32 loops=1)
   Hash Cond: ((empregados.dep_id = empregados_1.dep_id) AND (empregados.salario = (max(empregados_1.salario))))
   ->  Seq Scan on empregados  (cost=0.00..2.00 rows=100 width=15) (actual time=0.004..0.009 rows=100 loops=1)
   ->  Hash  (cost=3.14..3.14 rows=32 width=8) (actual time=0.041..0.042 rows=32 loops=1)
         Buckets: 1024  Batches: 1  Memory Usage: 10kB
         ->  HashAggregate  (cost=2.50..2.82 rows=32 width=8) (actual time=0.029..0.033 rows=32 loops=1)
               Group Key: empregados_1.dep_id
               Batches: 1  Memory Usage: 24kB
               ->  Seq Scan on empregados empregados_1  (cost=0.00..2.00 rows=100 width=8) (actual time=0.002..0.007 rows=100 loops=1)
 Planning Time: 0.332 ms
 Execution Time: 0.176 ms
(11 rows)

                                                              QUERY PLAN                                                               
---------------------------------------------------------------------------------------------------------------------------------------
 Hash Join  (cost=3.62..6.14 rows=2 width=15) (actual time=39.747..39.767 rows=32 loops=1)
   Hash Cond: ((empregados.dep_id = empregados_1.dep_id) AND (empregados.salario = (max(empregados_1.salario))))
   ->  Seq Scan on empregados  (cost=0.00..2.00 rows=100 width=15) (actual time=29.296..29.301 rows=100 loops=1)
   ->  Hash  (cost=3.14..3.14 rows=32 width=8) (actual time=10.422..10.423 rows=32 loops=1)
         Buckets: 1024  Batches: 1  Memory Usage: 10kB
         ->  HashAggregate  (cost=2.50..2.82 rows=32 width=8) (actual time=10.393..10.397 rows=32 loops=1)
               Group Key: empregados_1.dep_id
               Batches: 1  Memory Usage: 24kB
               ->  Seq Scan on empregados empregados_1  (cost=0.00..2.00 rows=100 width=8) (actual time=0.008..0.015 rows=100 loops=1)
 Planning Time: 244.149 ms
 Execution Time: 49.238 ms
(11 rows)

                                                              QUERY PLAN                                                               
---------------------------------------------------------------------------------------------------------------------------------------
 Hash Join  (cost=3.62..6.14 rows=2 width=15) (actual time=0.065..0.083 rows=32 loops=1)
   Hash Cond: ((empregados.dep_id = empregados_1.dep_id) AND (empregados.salario = (max(empregados_1.salario))))
   ->  Seq Scan on empregados  (cost=0.00..2.00 rows=100 width=15) (actual time=0.004..0.009 rows=100 loops=1)
   ->  Hash  (cost=3.14..3.14 rows=32 width=8) (actual time=0.042..0.043 rows=32 loops=1)
         Buckets: 1024  Batches: 1  Memory Usage: 10kB
         ->  HashAggregate  (cost=2.50..2.82 rows=32 width=8) (actual time=0.030..0.034 rows=32 loops=1)
               Group Key: empregados_1.dep_id
               Batches: 1  Memory Usage: 24kB
               ->  Seq Scan on empregados empregados_1  (cost=0.00..2.00 rows=100 width=8) (actual time=0.002..0.007 rows=100 loops=1)
 Planning Time: 0.338 ms
 Execution Time: 0.177 ms
(11 rows)

                                                              QUERY PLAN                                                               
---------------------------------------------------------------------------------------------------------------------------------------
 Hash Join  (cost=3.62..6.14 rows=2 width=15) (actual time=0.063..0.081 rows=32 loops=1)
   Hash Cond: ((empregados.dep_id = empregados_1.dep_id) AND (empregados.salario = (max(empregados_1.salario))))
   ->  Seq Scan on empregados  (cost=0.00..2.00 rows=100 width=15) (actual time=0.004..0.008 rows=100 loops=1)
   ->  Hash  (cost=3.14..3.14 rows=32 width=8) (actual time=0.041..0.042 rows=32 loops=1)
         Buckets: 1024  Batches: 1  Memory Usage: 10kB
         ->  HashAggregate  (cost=2.50..2.82 rows=32 width=8) (actual time=0.029..0.033 rows=32 loops=1)
               Group Key: empregados_1.dep_id
               Batches: 1  Memory Usage: 24kB
               ->  Seq Scan on empregados empregados_1  (cost=0.00..2.00 rows=100 width=8) (actual time=0.002..0.007 rows=100 loops=1)
 Planning Time: 0.327 ms
 Execution Time: 0.173 ms
(11 rows)

                                                              QUERY PLAN                                                               
---------------------------------------------------------------------------------------------------------------------------------------
 Hash Join  (cost=3.62..6.14 rows=2 width=15) (actual time=0.062..0.081 rows=32 loops=1)
   Hash Cond: ((empregados.dep_id = empregados_1.dep_id) AND (empregados.salario = (max(empregados_1.salario))))
   ->  Seq Scan on empregados  (cost=0.00..2.00 rows=100 width=15) (actual time=0.004..0.008 rows=100 loops=1)
   ->  Hash  (cost=3.14..3.14 rows=32 width=8) (actual time=0.041..0.041 rows=32 loops=1)
         Buckets: 1024  Batches: 1  Memory Usage: 10kB
         ->  HashAggregate  (cost=2.50..2.82 rows=32 width=8) (actual time=0.029..0.033 rows=32 loops=1)
               Group Key: empregados_1.dep_id
               Batches: 1  Memory Usage: 24kB
               ->  Seq Scan on empregados empregados_1  (cost=0.00..2.00 rows=100 width=8) (actual time=0.002..0.007 rows=100 loops=1)
 Planning Time: 0.326 ms
 Execution Time: 0.173 ms
(11 rows)

                                                              QUERY PLAN                                                               
---------------------------------------------------------------------------------------------------------------------------------------
 Hash Join  (cost=3.62..6.14 rows=2 width=15) (actual time=0.063..0.096 rows=32 loops=1)
   Hash Cond: ((empregados.dep_id = empregados_1.dep_id) AND (empregados.salario = (max(empregados_1.salario))))
   ->  Seq Scan on empregados  (cost=0.00..2.00 rows=100 width=15) (actual time=0.004..0.010 rows=100 loops=1)
   ->  Hash  (cost=3.14..3.14 rows=32 width=8) (actual time=0.041..0.042 rows=32 loops=1)
         Buckets: 1024  Batches: 1  Memory Usage: 10kB
         ->  HashAggregate  (cost=2.50..2.82 rows=32 width=8) (actual time=0.029..0.033 rows=32 loops=1)
               Group Key: empregados_1.dep_id
               Batches: 1  Memory Usage: 24kB
               ->  Seq Scan on empregados empregados_1  (cost=0.00..2.00 rows=100 width=8) (actual time=0.002..0.007 rows=100 loops=1)
 Planning Time: 0.324 ms
 Execution Time: 0.189 ms
(11 rows)

                                                              QUERY PLAN                                                               
---------------------------------------------------------------------------------------------------------------------------------------
 Hash Join  (cost=3.62..6.14 rows=2 width=15) (actual time=39.766..39.785 rows=32 loops=1)
   Hash Cond: ((empregados.dep_id = empregados_1.dep_id) AND (empregados.salario = (max(empregados_1.salario))))
   ->  Seq Scan on empregados  (cost=0.00..2.00 rows=100 width=15) (actual time=29.329..29.334 rows=100 loops=1)
   ->  Hash  (cost=3.14..3.14 rows=32 width=8) (actual time=10.412..10.412 rows=32 loops=1)
         Buckets: 1024  Batches: 1  Memory Usage: 10kB
         ->  HashAggregate  (cost=2.50..2.82 rows=32 width=8) (actual time=10.385..10.389 rows=32 loops=1)
               Group Key: empregados_1.dep_id
               Batches: 1  Memory Usage: 24kB
               ->  Seq Scan on empregados empregados_1  (cost=0.00..2.00 rows=100 width=8) (actual time=0.007..0.014 rows=100 loops=1)
 Planning Time: 244.345 ms
 Execution Time: 49.118 ms
(11 rows)

                                                              QUERY PLAN                                                               
---------------------------------------------------------------------------------------------------------------------------------------
 Hash Join  (cost=3.62..6.14 rows=2 width=15) (actual time=0.069..0.087 rows=32 loops=1)
   Hash Cond: ((empregados.dep_id = empregados_1.dep_id) AND (empregados.salario = (max(empregados_1.salario))))
   ->  Seq Scan on empregados  (cost=0.00..2.00 rows=100 width=15) (actual time=0.004..0.008 rows=100 loops=1)
   ->  Hash  (cost=3.14..3.14 rows=32 width=8) (actual time=0.047..0.048 rows=32 loops=1)
         Buckets: 1024  Batches: 1  Memory Usage: 10kB
         ->  HashAggregate  (cost=2.50..2.82 rows=32 width=8) (actual time=0.034..0.038 rows=32 loops=1)
               Group Key: empregados_1.dep_id
               Batches: 1  Memory Usage: 24kB
               ->  Seq Scan on empregados empregados_1  (cost=0.00..2.00 rows=100 width=8) (actual time=0.002..0.007 rows=100 loops=1)
 Planning Time: 0.329 ms
 Execution Time: 0.176 ms
(11 rows)

                                                              QUERY PLAN                                                               
---------------------------------------------------------------------------------------------------------------------------------------
 Hash Join  (cost=3.62..6.14 rows=2 width=15) (actual time=0.069..0.087 rows=32 loops=1)
   Hash Cond: ((empregados.dep_id = empregados_1.dep_id) AND (empregados.salario = (max(empregados_1.salario))))
   ->  Seq Scan on empregados  (cost=0.00..2.00 rows=100 width=15) (actual time=0.004..0.009 rows=100 loops=1)
   ->  Hash  (cost=3.14..3.14 rows=32 width=8) (actual time=0.047..0.047 rows=32 loops=1)
         Buckets: 1024  Batches: 1  Memory Usage: 10kB
         ->  HashAggregate  (cost=2.50..2.82 rows=32 width=8) (actual time=0.034..0.038 rows=32 loops=1)
               Group Key: empregados_1.dep_id
               Batches: 1  Memory Usage: 24kB
               ->  Seq Scan on empregados empregados_1  (cost=0.00..2.00 rows=100 width=8) (actual time=0.002..0.007 rows=100 loops=1)
 Planning Time: 0.329 ms
 Execution Time: 0.176 ms
(11 rows)

                                                              QUERY PLAN                                                               
---------------------------------------------------------------------------------------------------------------------------------------
 Hash Join  (cost=3.62..6.14 rows=2 width=15) (actual time=0.069..0.087 rows=32 loops=1)
   Hash Cond: ((empregados.dep_id = empregados_1.dep_id) AND (empregados.salario = (max(empregados_1.salario))))
   ->  Seq Scan on empregados  (cost=0.00..2.00 rows=100 width=15) (actual time=0.004..0.009 rows=100 loops=1)
   ->  Hash  (cost=3.14..3.14 rows=32 width=8) (actual time=0.047..0.047 rows=32 loops=1)
         Buckets: 1024  Batches: 1  Memory Usage: 10kB
         ->  HashAggregate  (cost=2.50..2.82 rows=32 width=8) (actual time=0.034..0.038 rows=32 loops=1)
               Group Key: empregados_1.dep_id
               Batches: 1  Memory Usage: 24kB
               ->  Seq Scan on empregados empregados_1  (cost=0.00..2.00 rows=100 width=8) (actual time=0.002..0.007 rows=100 loops=1)
 Planning Time: 0.329 ms
 Execution Time: 0.176 ms
(11 rows)

                                                              QUERY PLAN                                                               
---------------------------------------------------------------------------------------------------------------------------------------
 Hash Join  (cost=3.62..6.14 rows=2 width=15) (actual time=0.069..0.087 rows=32 loops=1)
   Hash Cond: ((empregados.dep_id = empregados_1.dep_id) AND (empregados.salario = (max(empregados_1.salario))))
   ->  Seq Scan on empregados  (cost=0.00..2.00 rows=100 width=15) (actual time=0.004..0.009 rows=100 loops=1)
   ->  Hash  (cost=3.14..3.14 rows=32 width=8) (actual time=0.047..0.047 rows=32 loops=1)
         Buckets: 1024  Batches: 1  Memory Usage: 10kB
         ->  HashAggregate  (cost=2.50..2.82 rows=32 width=8) (actual time=0.034..0.038 rows=32 loops=1)
               Group Key: empregados_1.dep_id
               Batches: 1  Memory Usage: 24kB
               ->  Seq Scan on empregados empregados_1  (cost=0.00..2.00 rows=100 width=8) (actual time=0.002..0.007 rows=100 loops=1)
 Planning Time: 0.330 ms
 Execution Time: 0.176 ms
(11 rows)

