                                                          QUERY PLAN                                                           
-------------------------------------------------------------------------------------------------------------------------------
 HashAggregate  (cost=5.62..5.95 rows=33 width=524) (actual time=17.508..17.512 rows=21 loops=1)
   Group Key: d.nome
   Batches: 1  Memory Usage: 24kB
   ->  Hash Join  (cost=1.74..5.12 rows=100 width=520) (actual time=17.428..17.451 rows=98 loops=1)
         Hash Cond: (e.dep_id = d.dep_id)
         ->  Seq Scan on empregados e  (cost=0.00..2.00 rows=100 width=8) (actual time=7.032..7.037 rows=100 loops=1)
         ->  Hash  (cost=1.33..1.33 rows=33 width=520) (actual time=10.372..10.372 rows=33 loops=1)
               Buckets: 1024  Batches: 1  Memory Usage: 10kB
               ->  Seq Scan on departamentos d  (cost=0.00..1.33 rows=33 width=520) (actual time=0.162..0.169 rows=33 loops=1)
 Planning Time: 214.163 ms
 Execution Time: 36.820 ms
(11 rows)

                                                          QUERY PLAN                                                           
-------------------------------------------------------------------------------------------------------------------------------
 HashAggregate  (cost=5.62..5.95 rows=33 width=524) (actual time=0.083..0.086 rows=21 loops=1)
   Group Key: d.nome
   Batches: 1  Memory Usage: 24kB
   ->  Hash Join  (cost=1.74..5.12 rows=100 width=520) (actual time=0.039..0.060 rows=98 loops=1)
         Hash Cond: (e.dep_id = d.dep_id)
         ->  Seq Scan on empregados e  (cost=0.00..2.00 rows=100 width=8) (actual time=0.004..0.009 rows=100 loops=1)
         ->  Hash  (cost=1.33..1.33 rows=33 width=520) (actual time=0.023..0.024 rows=33 loops=1)
               Buckets: 1024  Batches: 1  Memory Usage: 10kB
               ->  Seq Scan on departamentos d  (cost=0.00..1.33 rows=33 width=520) (actual time=0.005..0.008 rows=33 loops=1)
 Planning Time: 0.391 ms
 Execution Time: 0.174 ms
(11 rows)

                                                          QUERY PLAN                                                           
-------------------------------------------------------------------------------------------------------------------------------
 HashAggregate  (cost=5.62..5.95 rows=33 width=524) (actual time=0.082..0.086 rows=21 loops=1)
   Group Key: d.nome
   Batches: 1  Memory Usage: 24kB
   ->  Hash Join  (cost=1.74..5.12 rows=100 width=520) (actual time=0.039..0.060 rows=98 loops=1)
         Hash Cond: (e.dep_id = d.dep_id)
         ->  Seq Scan on empregados e  (cost=0.00..2.00 rows=100 width=8) (actual time=0.003..0.008 rows=100 loops=1)
         ->  Hash  (cost=1.33..1.33 rows=33 width=520) (actual time=0.023..0.023 rows=33 loops=1)
               Buckets: 1024  Batches: 1  Memory Usage: 10kB
               ->  Seq Scan on departamentos d  (cost=0.00..1.33 rows=33 width=520) (actual time=0.004..0.007 rows=33 loops=1)
 Planning Time: 0.390 ms
 Execution Time: 0.176 ms
(11 rows)

                                                          QUERY PLAN
-------------------------------------------------------------------------------------------------------------------------------
 HashAggregate  (cost=5.62..5.95 rows=33 width=524) (actual time=0.082..0.085 rows=21 loops=1)
   Group Key: d.nome
   Batches: 1  Memory Usage: 24kB
   ->  Hash Join  (cost=1.74..5.12 rows=100 width=520) (actual time=0.038..0.060 rows=98 loops=1)
         Hash Cond: (e.dep_id = d.dep_id)
         ->  Seq Scan on empregados e  (cost=0.00..2.00 rows=100 width=8) (actual time=0.004..0.009 rows=100 loops=1)
         ->  Hash  (cost=1.33..1.33 rows=33 width=520) (actual time=0.023..0.023 rows=33 loops=1)
               Buckets: 1024  Batches: 1  Memory Usage: 10kB
               ->  Seq Scan on departamentos d  (cost=0.00..1.33 rows=33 width=520) (actual time=0.004..0.007 rows=33 loops=1)
 Planning Time: 0.394 ms
 Execution Time: 0.175 ms
(11 rows)

                                                          QUERY PLAN                                                           
-------------------------------------------------------------------------------------------------------------------------------
 HashAggregate  (cost=5.62..5.95 rows=33 width=524) (actual time=17.485..17.489 rows=21 loops=1)
   Group Key: d.nome
   Batches: 1  Memory Usage: 24kB
   ->  Hash Join  (cost=1.74..5.12 rows=100 width=520) (actual time=17.427..17.450 rows=98 loops=1)
         Hash Cond: (e.dep_id = d.dep_id)
         ->  Seq Scan on empregados e  (cost=0.00..2.00 rows=100 width=8) (actual time=6.896..6.901 rows=100 loops=1)
         ->  Hash  (cost=1.33..1.33 rows=33 width=520) (actual time=10.513..10.514 rows=33 loops=1)
               Buckets: 1024  Batches: 1  Memory Usage: 10kB
               ->  Seq Scan on departamentos d  (cost=0.00..1.33 rows=33 width=520) (actual time=0.286..0.293 rows=33 loops=1)
 Planning Time: 214.162 ms
 Execution Time: 36.815 ms
(11 rows)

                                                          QUERY PLAN                                                           
-------------------------------------------------------------------------------------------------------------------------------
 HashAggregate  (cost=5.62..5.95 rows=33 width=524) (actual time=0.075..0.079 rows=21 loops=1)
   Group Key: d.nome
   Batches: 1  Memory Usage: 24kB
   ->  Hash Join  (cost=1.74..5.12 rows=100 width=520) (actual time=0.031..0.053 rows=98 loops=1)
         Hash Cond: (e.dep_id = d.dep_id)
         ->  Seq Scan on empregados e  (cost=0.00..2.00 rows=100 width=8) (actual time=0.004..0.009 rows=100 loops=1)
         ->  Hash  (cost=1.33..1.33 rows=33 width=520) (actual time=0.019..0.019 rows=33 loops=1)
               Buckets: 1024  Batches: 1  Memory Usage: 10kB
               ->  Seq Scan on departamentos d  (cost=0.00..1.33 rows=33 width=520) (actual time=0.004..0.007 rows=33 loops=1)
 Planning Time: 0.389 ms
 Execution Time: 0.168 ms
(11 rows)

                                                          QUERY PLAN                                                           
-------------------------------------------------------------------------------------------------------------------------------
 HashAggregate  (cost=5.62..5.95 rows=33 width=524) (actual time=0.075..0.078 rows=21 loops=1)
   Group Key: d.nome
   Batches: 1  Memory Usage: 24kB
   ->  Hash Join  (cost=1.74..5.12 rows=100 width=520) (actual time=0.031..0.053 rows=98 loops=1)
         Hash Cond: (e.dep_id = d.dep_id)
         ->  Seq Scan on empregados e  (cost=0.00..2.00 rows=100 width=8) (actual time=0.004..0.009 rows=100 loops=1)
         ->  Hash  (cost=1.33..1.33 rows=33 width=520) (actual time=0.018..0.018 rows=33 loops=1)
               Buckets: 1024  Batches: 1  Memory Usage: 10kB
               ->  Seq Scan on departamentos d  (cost=0.00..1.33 rows=33 width=520) (actual time=0.004..0.007 rows=33 loops=1)
 Planning Time: 0.391 ms
 Execution Time: 0.168 ms
(11 rows)

                                                          QUERY PLAN                                                           
-------------------------------------------------------------------------------------------------------------------------------
 HashAggregate  (cost=5.62..5.95 rows=33 width=524) (actual time=0.075..0.078 rows=21 loops=1)
   Group Key: d.nome
   Batches: 1  Memory Usage: 24kB
   ->  Hash Join  (cost=1.74..5.12 rows=100 width=520) (actual time=0.031..0.053 rows=98 loops=1)
         Hash Cond: (e.dep_id = d.dep_id)
         ->  Seq Scan on empregados e  (cost=0.00..2.00 rows=100 width=8) (actual time=0.004..0.009 rows=100 loops=1)
         ->  Hash  (cost=1.33..1.33 rows=33 width=520) (actual time=0.019..0.019 rows=33 loops=1)
               Buckets: 1024  Batches: 1  Memory Usage: 10kB
               ->  Seq Scan on departamentos d  (cost=0.00..1.33 rows=33 width=520) (actual time=0.004..0.007 rows=33 loops=1)
 Planning Time: 0.389 ms
 Execution Time: 0.168 ms
(11 rows)

                                                          QUERY PLAN                                                           
-------------------------------------------------------------------------------------------------------------------------------
 HashAggregate  (cost=5.62..5.95 rows=33 width=524) (actual time=0.074..0.078 rows=21 loops=1)
   Group Key: d.nome
   Batches: 1  Memory Usage: 24kB
   ->  Hash Join  (cost=1.74..5.12 rows=100 width=520) (actual time=0.031..0.052 rows=98 loops=1)
         Hash Cond: (e.dep_id = d.dep_id)
         ->  Seq Scan on empregados e  (cost=0.00..2.00 rows=100 width=8) (actual time=0.004..0.009 rows=100 loops=1)
         ->  Hash  (cost=1.33..1.33 rows=33 width=520) (actual time=0.018..0.019 rows=33 loops=1)
               Buckets: 1024  Batches: 1  Memory Usage: 10kB
               ->  Seq Scan on departamentos d  (cost=0.00..1.33 rows=33 width=520) (actual time=0.004..0.007 rows=33 loops=1)
 Planning Time: 0.392 ms
 Execution Time: 0.168 ms
(11 rows)

