                                                         QUERY PLAN                                                          
-----------------------------------------------------------------------------------------------------------------------------
 HashAggregate  (cost=5.62..5.95 rows=33 width=8) (actual time=7.436..7.441 rows=31 loops=1)
   Group Key: d.dep_id
   Batches: 1  Memory Usage: 24kB
   ->  Hash Join  (cost=1.74..5.12 rows=100 width=8) (actual time=7.370..7.394 rows=98 loops=1)
         Hash Cond: (e.dep_id = d.dep_id)
         ->  Seq Scan on empregados e  (cost=0.00..2.00 rows=100 width=8) (actual time=7.084..7.090 rows=100 loops=1)
         ->  Hash  (cost=1.33..1.33 rows=33 width=4) (actual time=0.265..0.265 rows=33 loops=1)
               Buckets: 1024  Batches: 1  Memory Usage: 10kB
               ->  Seq Scan on departamentos d  (cost=0.00..1.33 rows=33 width=4) (actual time=0.246..0.249 rows=33 loops=1)
 Planning Time: 269.164 ms
 Execution Time: 38.375 ms
(11 rows)

                                                         QUERY PLAN                                                          
-----------------------------------------------------------------------------------------------------------------------------
 HashAggregate  (cost=5.62..5.95 rows=33 width=8) (actual time=0.098..0.103 rows=31 loops=1)
   Group Key: d.dep_id
   Batches: 1  Memory Usage: 24kB
   ->  Hash Join  (cost=1.74..5.12 rows=100 width=8) (actual time=0.049..0.076 rows=98 loops=1)
         Hash Cond: (e.dep_id = d.dep_id)
         ->  Seq Scan on empregados e  (cost=0.00..2.00 rows=100 width=8) (actual time=0.005..0.011 rows=100 loops=1)
         ->  Hash  (cost=1.33..1.33 rows=33 width=4) (actual time=0.025..0.025 rows=33 loops=1)
               Buckets: 1024  Batches: 1  Memory Usage: 10kB
               ->  Seq Scan on departamentos d  (cost=0.00..1.33 rows=33 width=4) (actual time=0.010..0.015 rows=33 loops=1)
 Planning Time: 0.322 ms
 Execution Time: 0.221 ms
(11 rows)

                                                         QUERY PLAN                                                          
-----------------------------------------------------------------------------------------------------------------------------
 HashAggregate  (cost=5.62..5.95 rows=33 width=8) (actual time=0.076..0.080 rows=31 loops=1)
   Group Key: d.dep_id
   Batches: 1  Memory Usage: 24kB
   ->  Hash Join  (cost=1.74..5.12 rows=100 width=8) (actual time=0.034..0.057 rows=98 loops=1)
         Hash Cond: (e.dep_id = d.dep_id)
         ->  Seq Scan on empregados e  (cost=0.00..2.00 rows=100 width=8) (actual time=0.004..0.009 rows=100 loops=1)
         ->  Hash  (cost=1.33..1.33 rows=33 width=4) (actual time=0.016..0.017 rows=33 loops=1)
               Buckets: 1024  Batches: 1  Memory Usage: 10kB
               ->  Seq Scan on departamentos d  (cost=0.00..1.33 rows=33 width=4) (actual time=0.007..0.010 rows=33 loops=1)
 Planning Time: 0.283 ms
 Execution Time: 0.172 ms
(11 rows)

                                                         QUERY PLAN                                                          
-----------------------------------------------------------------------------------------------------------------------------
 HashAggregate  (cost=5.62..5.95 rows=33 width=8) (actual time=0.075..0.079 rows=31 loops=1)
   Group Key: d.dep_id
   Batches: 1  Memory Usage: 24kB
   ->  Hash Join  (cost=1.74..5.12 rows=100 width=8) (actual time=0.034..0.057 rows=98 loops=1)
         Hash Cond: (e.dep_id = d.dep_id)
         ->  Seq Scan on empregados e  (cost=0.00..2.00 rows=100 width=8) (actual time=0.004..0.009 rows=100 loops=1)
         ->  Hash  (cost=1.33..1.33 rows=33 width=4) (actual time=0.017..0.017 rows=33 loops=1)
               Buckets: 1024  Batches: 1  Memory Usage: 10kB
               ->  Seq Scan on departamentos d  (cost=0.00..1.33 rows=33 width=4) (actual time=0.008..0.010 rows=33 loops=1)
 Planning Time: 0.279 ms
 Execution Time: 0.171 ms
(11 rows)

                                                         QUERY PLAN                                                          
-----------------------------------------------------------------------------------------------------------------------------
 HashAggregate  (cost=5.62..5.95 rows=33 width=8) (actual time=0.077..0.081 rows=31 loops=1)
   Group Key: d.dep_id
   Batches: 1  Memory Usage: 24kB
   ->  Hash Join  (cost=1.74..5.12 rows=100 width=8) (actual time=0.035..0.058 rows=98 loops=1)
         Hash Cond: (e.dep_id = d.dep_id)
         ->  Seq Scan on empregados e  (cost=0.00..2.00 rows=100 width=8) (actual time=0.004..0.009 rows=100 loops=1)
         ->  Hash  (cost=1.33..1.33 rows=33 width=4) (actual time=0.017..0.017 rows=33 loops=1)
               Buckets: 1024  Batches: 1  Memory Usage: 10kB
               ->  Seq Scan on departamentos d  (cost=0.00..1.33 rows=33 width=4) (actual time=0.008..0.010 rows=33 loops=1)
 Planning Time: 0.294 ms
 Execution Time: 0.177 ms
(11 rows)

                                                         QUERY PLAN                                                          
-----------------------------------------------------------------------------------------------------------------------------
 HashAggregate  (cost=5.62..5.95 rows=33 width=8) (actual time=17.338..17.343 rows=31 loops=1)
   Group Key: d.dep_id
   Batches: 1  Memory Usage: 24kB
   ->  Hash Join  (cost=1.74..5.12 rows=100 width=8) (actual time=17.242..17.270 rows=98 loops=1)
         Hash Cond: (e.dep_id = d.dep_id)
         ->  Seq Scan on empregados e  (cost=0.00..2.00 rows=100 width=8) (actual time=7.021..7.027 rows=100 loops=1)
         ->  Hash  (cost=1.33..1.33 rows=33 width=4) (actual time=10.199..10.199 rows=33 loops=1)
               Buckets: 1024  Batches: 1  Memory Usage: 10kB
               ->  Seq Scan on departamentos d  (cost=0.00..1.33 rows=33 width=4) (actual time=0.230..0.237 rows=33 loops=1)
 Planning Time: 202.505 ms
 Execution Time: 48.271 ms
(11 rows)

                                                         QUERY PLAN                                                          
-----------------------------------------------------------------------------------------------------------------------------
 HashAggregate  (cost=5.62..5.95 rows=33 width=8) (actual time=0.080..0.084 rows=31 loops=1)
   Group Key: d.dep_id
   Batches: 1  Memory Usage: 24kB
   ->  Hash Join  (cost=1.74..5.12 rows=100 width=8) (actual time=0.038..0.061 rows=98 loops=1)
         Hash Cond: (e.dep_id = d.dep_id)
         ->  Seq Scan on empregados e  (cost=0.00..2.00 rows=100 width=8) (actual time=0.004..0.008 rows=100 loops=1)
         ->  Hash  (cost=1.33..1.33 rows=33 width=4) (actual time=0.020..0.021 rows=33 loops=1)
               Buckets: 1024  Batches: 1  Memory Usage: 10kB
               ->  Seq Scan on departamentos d  (cost=0.00..1.33 rows=33 width=4) (actual time=0.007..0.009 rows=33 loops=1)
 Planning Time: 0.303 ms
 Execution Time: 0.172 ms
(11 rows)

                                                         QUERY PLAN                                                          
-----------------------------------------------------------------------------------------------------------------------------
 HashAggregate  (cost=5.62..5.95 rows=33 width=8) (actual time=0.080..0.084 rows=31 loops=1)
   Group Key: d.dep_id
   Batches: 1  Memory Usage: 24kB
   ->  Hash Join  (cost=1.74..5.12 rows=100 width=8) (actual time=0.038..0.061 rows=98 loops=1)
         Hash Cond: (e.dep_id = d.dep_id)
         ->  Seq Scan on empregados e  (cost=0.00..2.00 rows=100 width=8) (actual time=0.004..0.009 rows=100 loops=1)
         ->  Hash  (cost=1.33..1.33 rows=33 width=4) (actual time=0.021..0.021 rows=33 loops=1)
               Buckets: 1024  Batches: 1  Memory Usage: 10kB
               ->  Seq Scan on departamentos d  (cost=0.00..1.33 rows=33 width=4) (actual time=0.007..0.010 rows=33 loops=1)
 Planning Time: 0.292 ms
 Execution Time: 0.170 ms
(11 rows)

                                                         QUERY PLAN                                                          
-----------------------------------------------------------------------------------------------------------------------------
 HashAggregate  (cost=5.62..5.95 rows=33 width=8) (actual time=0.145..0.154 rows=31 loops=1)
   Group Key: d.dep_id
   Batches: 1  Memory Usage: 24kB
   ->  Hash Join  (cost=1.74..5.12 rows=100 width=8) (actual time=0.048..0.106 rows=98 loops=1)
         Hash Cond: (e.dep_id = d.dep_id)
         ->  Seq Scan on empregados e  (cost=0.00..2.00 rows=100 width=8) (actual time=0.005..0.016 rows=100 loops=1)
         ->  Hash  (cost=1.33..1.33 rows=33 width=4) (actual time=0.028..0.029 rows=33 loops=1)
               Buckets: 1024  Batches: 1  Memory Usage: 10kB
               ->  Seq Scan on departamentos d  (cost=0.00..1.33 rows=33 width=4) (actual time=0.008..0.013 rows=33 loops=1)
 Planning Time: 0.356 ms
 Execution Time: 0.254 ms
(11 rows)

                                                         QUERY PLAN                                                          
-----------------------------------------------------------------------------------------------------------------------------
 HashAggregate  (cost=5.62..5.95 rows=33 width=8) (actual time=0.079..0.083 rows=31 loops=1)
   Group Key: d.dep_id
   Batches: 1  Memory Usage: 24kB
   ->  Hash Join  (cost=1.74..5.12 rows=100 width=8) (actual time=0.037..0.060 rows=98 loops=1)
         Hash Cond: (e.dep_id = d.dep_id)
         ->  Seq Scan on empregados e  (cost=0.00..2.00 rows=100 width=8) (actual time=0.004..0.008 rows=100 loops=1)
         ->  Hash  (cost=1.33..1.33 rows=33 width=4) (actual time=0.020..0.021 rows=33 loops=1)
               Buckets: 1024  Batches: 1  Memory Usage: 10kB
               ->  Seq Scan on departamentos d  (cost=0.00..1.33 rows=33 width=4) (actual time=0.007..0.009 rows=33 loops=1)
 Planning Time: 0.313 ms
 Execution Time: 0.172 ms
(11 rows)

                                                         QUERY PLAN                                                          
-----------------------------------------------------------------------------------------------------------------------------
 HashAggregate  (cost=5.62..5.95 rows=33 width=8) (actual time=26.562..26.567 rows=31 loops=1)
   Group Key: d.dep_id
   Batches: 1  Memory Usage: 24kB
   ->  Hash Join  (cost=1.74..5.12 rows=100 width=8) (actual time=26.511..26.535 rows=98 loops=1)
         Hash Cond: (e.dep_id = d.dep_id)
         ->  Seq Scan on empregados e  (cost=0.00..2.00 rows=100 width=8) (actual time=26.230..26.235 rows=100 loops=1)
         ->  Hash  (cost=1.33..1.33 rows=33 width=4) (actual time=0.259..0.259 rows=33 loops=1)
               Buckets: 1024  Batches: 1  Memory Usage: 10kB
               ->  Seq Scan on departamentos d  (cost=0.00..1.33 rows=33 width=4) (actual time=0.236..0.239 rows=33 loops=1)
 Planning Time: 202.890 ms
 Execution Time: 27.170 ms
(11 rows)

                                                         QUERY PLAN                                                          
-----------------------------------------------------------------------------------------------------------------------------
 HashAggregate  (cost=5.62..5.95 rows=33 width=8) (actual time=0.078..0.082 rows=31 loops=1)
   Group Key: d.dep_id
   Batches: 1  Memory Usage: 24kB
   ->  Hash Join  (cost=1.74..5.12 rows=100 width=8) (actual time=0.037..0.059 rows=98 loops=1)
         Hash Cond: (e.dep_id = d.dep_id)
         ->  Seq Scan on empregados e  (cost=0.00..2.00 rows=100 width=8) (actual time=0.004..0.008 rows=100 loops=1)
         ->  Hash  (cost=1.33..1.33 rows=33 width=4) (actual time=0.019..0.019 rows=33 loops=1)
               Buckets: 1024  Batches: 1  Memory Usage: 10kB
               ->  Seq Scan on departamentos d  (cost=0.00..1.33 rows=33 width=4) (actual time=0.007..0.009 rows=33 loops=1)
 Planning Time: 0.318 ms
 Execution Time: 0.168 ms
(11 rows)

                                                         QUERY PLAN                                                          
-----------------------------------------------------------------------------------------------------------------------------
 HashAggregate  (cost=5.62..5.95 rows=33 width=8) (actual time=0.080..0.085 rows=31 loops=1)
   Group Key: d.dep_id
   Batches: 1  Memory Usage: 24kB
   ->  Hash Join  (cost=1.74..5.12 rows=100 width=8) (actual time=0.038..0.061 rows=98 loops=1)
         Hash Cond: (e.dep_id = d.dep_id)
         ->  Seq Scan on empregados e  (cost=0.00..2.00 rows=100 width=8) (actual time=0.004..0.009 rows=100 loops=1)
         ->  Hash  (cost=1.33..1.33 rows=33 width=4) (actual time=0.020..0.020 rows=33 loops=1)
               Buckets: 1024  Batches: 1  Memory Usage: 10kB
               ->  Seq Scan on departamentos d  (cost=0.00..1.33 rows=33 width=4) (actual time=0.007..0.010 rows=33 loops=1)
 Planning Time: 0.299 ms
 Execution Time: 0.172 ms
(11 rows)

                                                         QUERY PLAN                                                          
-----------------------------------------------------------------------------------------------------------------------------
 HashAggregate  (cost=5.62..5.95 rows=33 width=8) (actual time=0.079..0.084 rows=31 loops=1)
   Group Key: d.dep_id
   Batches: 1  Memory Usage: 24kB
   ->  Hash Join  (cost=1.74..5.12 rows=100 width=8) (actual time=0.038..0.061 rows=98 loops=1)
         Hash Cond: (e.dep_id = d.dep_id)
         ->  Seq Scan on empregados e  (cost=0.00..2.00 rows=100 width=8) (actual time=0.004..0.008 rows=100 loops=1)
         ->  Hash  (cost=1.33..1.33 rows=33 width=4) (actual time=0.020..0.021 rows=33 loops=1)
               Buckets: 1024  Batches: 1  Memory Usage: 10kB
               ->  Seq Scan on departamentos d  (cost=0.00..1.33 rows=33 width=4) (actual time=0.008..0.011 rows=33 loops=1)
 Planning Time: 0.310 ms
 Execution Time: 0.169 ms
(11 rows)

                                                         QUERY PLAN                                                          
-----------------------------------------------------------------------------------------------------------------------------
 HashAggregate  (cost=5.62..5.95 rows=33 width=8) (actual time=0.078..0.082 rows=31 loops=1)
   Group Key: d.dep_id
   Batches: 1  Memory Usage: 24kB
   ->  Hash Join  (cost=1.74..5.12 rows=100 width=8) (actual time=0.036..0.059 rows=98 loops=1)
         Hash Cond: (e.dep_id = d.dep_id)
         ->  Seq Scan on empregados e  (cost=0.00..2.00 rows=100 width=8) (actual time=0.004..0.008 rows=100 loops=1)
         ->  Hash  (cost=1.33..1.33 rows=33 width=4) (actual time=0.019..0.019 rows=33 loops=1)
               Buckets: 1024  Batches: 1  Memory Usage: 10kB
               ->  Seq Scan on departamentos d  (cost=0.00..1.33 rows=33 width=4) (actual time=0.007..0.009 rows=33 loops=1)
 Planning Time: 0.289 ms
 Execution Time: 0.166 ms
(11 rows)

