                                                           QUERY PLAN
--------------------------------------------------------------------------------------------------------------------------------
 HashAggregate  (cost=710.74..710.95 rows=21 width=22) (actual time=210.391..210.396 rows=21 loops=1)
   Group Key: d.nome
   Batches: 1  Memory Usage: 24kB
   ->  Hash Right Join  (cost=1.74..610.74 rows=20000 width=18) (actual time=141.816..206.210 rows=19410 loops=1)
         Hash Cond: (e.dep_id = d.dep_id)
         ->  Seq Scan on empregados e  (cost=0.00..334.00 rows=20000 width=8) (actual time=89.393..149.334 rows=20000 loops=1)
         ->  Hash  (cost=1.33..1.33 rows=33 width=18) (actual time=52.407..52.408 rows=33 loops=1)
               Buckets: 1024  Batches: 1  Memory Usage: 10kB
               ->  Seq Scan on departamentos d  (cost=0.00..1.33 rows=33 width=18) (actual time=33.467..33.476 rows=33 loops=1)
 Planning Time: 532.443 ms
 Execution Time: 261.378 ms
(11 rows)

                                                          QUERY PLAN
------------------------------------------------------------------------------------------------------------------------------
 HashAggregate  (cost=710.74..710.95 rows=21 width=22) (actual time=8.281..8.286 rows=21 loops=1)
   Group Key: d.nome
   Batches: 1  Memory Usage: 24kB
   ->  Hash Right Join  (cost=1.74..610.74 rows=20000 width=18) (actual time=0.032..4.928 rows=19410 loops=1)
         Hash Cond: (e.dep_id = d.dep_id)
         ->  Seq Scan on empregados e  (cost=0.00..334.00 rows=20000 width=8) (actual time=0.004..1.153 rows=20000 loops=1)
         ->  Hash  (cost=1.33..1.33 rows=33 width=18) (actual time=0.017..0.018 rows=33 loops=1)
               Buckets: 1024  Batches: 1  Memory Usage: 10kB
               ->  Seq Scan on departamentos d  (cost=0.00..1.33 rows=33 width=18) (actual time=0.004..0.007 rows=33 loops=1)
 Planning Time: 0.486 ms
 Execution Time: 8.387 ms
(11 rows)

                                                          QUERY PLAN                                                          
------------------------------------------------------------------------------------------------------------------------------
 HashAggregate  (cost=710.74..710.95 rows=21 width=22) (actual time=8.118..8.123 rows=21 loops=1)
   Group Key: d.nome
   Batches: 1  Memory Usage: 24kB
   ->  Hash Right Join  (cost=1.74..610.74 rows=20000 width=18) (actual time=0.030..4.836 rows=19410 loops=1)
         Hash Cond: (e.dep_id = d.dep_id)
         ->  Seq Scan on empregados e  (cost=0.00..334.00 rows=20000 width=8) (actual time=0.004..1.141 rows=20000 loops=1)
         ->  Hash  (cost=1.33..1.33 rows=33 width=18) (actual time=0.016..0.017 rows=33 loops=1)
               Buckets: 1024  Batches: 1  Memory Usage: 10kB
               ->  Seq Scan on departamentos d  (cost=0.00..1.33 rows=33 width=18) (actual time=0.004..0.007 rows=33 loops=1)
 Planning Time: 0.487 ms
 Execution Time: 8.221 ms
(11 rows)

                                                          QUERY PLAN                                                          
------------------------------------------------------------------------------------------------------------------------------
 HashAggregate  (cost=710.74..710.95 rows=21 width=22) (actual time=7.692..7.696 rows=21 loops=1)
   Group Key: d.nome
   Batches: 1  Memory Usage: 24kB
   ->  Hash Right Join  (cost=1.74..610.74 rows=20000 width=18) (actual time=0.034..4.578 rows=19410 loops=1)
         Hash Cond: (e.dep_id = d.dep_id)
         ->  Seq Scan on empregados e  (cost=0.00..334.00 rows=20000 width=8) (actual time=0.004..1.101 rows=20000 loops=1)
         ->  Hash  (cost=1.33..1.33 rows=33 width=18) (actual time=0.019..0.020 rows=33 loops=1)
               Buckets: 1024  Batches: 1  Memory Usage: 10kB
               ->  Seq Scan on departamentos d  (cost=0.00..1.33 rows=33 width=18) (actual time=0.006..0.009 rows=33 loops=1)
 Planning Time: 0.653 ms
 Execution Time: 7.832 ms
(11 rows)

                                                          QUERY PLAN
------------------------------------------------------------------------------------------------------------------------------
 HashAggregate  (cost=710.74..710.95 rows=21 width=22) (actual time=9.186..9.191 rows=21 loops=1)
   Group Key: d.nome
   Batches: 1  Memory Usage: 24kB
   ->  Hash Right Join  (cost=1.74..610.74 rows=20000 width=18) (actual time=0.032..5.502 rows=19410 loops=1)
         Hash Cond: (e.dep_id = d.dep_id)
         ->  Seq Scan on empregados e  (cost=0.00..334.00 rows=20000 width=8) (actual time=0.004..1.273 rows=20000 loops=1)
         ->  Hash  (cost=1.33..1.33 rows=33 width=18) (actual time=0.017..0.018 rows=33 loops=1)
               Buckets: 1024  Batches: 1  Memory Usage: 10kB
               ->  Seq Scan on departamentos d  (cost=0.00..1.33 rows=33 width=18) (actual time=0.004..0.007 rows=33 loops=1)
 Planning Time: 0.483 ms
 Execution Time: 9.288 ms
(11 rows)

