                                                          QUERY PLAN                                                           
-------------------------------------------------------------------------------------------------------------------------------
 HashAggregate  (cost=5.62..6.03 rows=11 width=516) (actual time=7.282..7.286 rows=13 loops=1)
   Group Key: d.nome
   Filter: (count(*) > 3)
   Batches: 1  Memory Usage: 24kB
   Rows Removed by Filter: 8
   ->  Hash Join  (cost=1.74..5.12 rows=100 width=516) (actual time=7.213..7.235 rows=98 loops=1)
         Hash Cond: (e.dep_id = d.dep_id)
         ->  Seq Scan on empregados e  (cost=0.00..2.00 rows=100 width=4) (actual time=6.974..6.980 rows=100 loops=1)
         ->  Hash  (cost=1.33..1.33 rows=33 width=520) (actual time=0.209..0.210 rows=33 loops=1)
               Buckets: 1024  Batches: 1  Memory Usage: 10kB
               ->  Seq Scan on departamentos d  (cost=0.00..1.33 rows=33 width=520) (actual time=0.191..0.195 rows=33 loops=1)
 Planning Time: 558.457 ms
 Execution Time: 37.768 ms
(13 rows)

                                                          QUERY PLAN                                                           
-------------------------------------------------------------------------------------------------------------------------------
 HashAggregate  (cost=5.62..6.03 rows=11 width=516) (actual time=0.078..0.081 rows=13 loops=1)
   Group Key: d.nome
   Filter: (count(*) > 3)
   Batches: 1  Memory Usage: 24kB
   Rows Removed by Filter: 8
   ->  Hash Join  (cost=1.74..5.12 rows=100 width=516) (actual time=0.035..0.056 rows=98 loops=1)
         Hash Cond: (e.dep_id = d.dep_id)
         ->  Seq Scan on empregados e  (cost=0.00..2.00 rows=100 width=4) (actual time=0.006..0.011 rows=100 loops=1)
         ->  Hash  (cost=1.33..1.33 rows=33 width=520) (actual time=0.016..0.016 rows=33 loops=1)
               Buckets: 1024  Batches: 1  Memory Usage: 10kB
               ->  Seq Scan on departamentos d  (cost=0.00..1.33 rows=33 width=520) (actual time=0.003..0.006 rows=33 loops=1)
 Planning Time: 0.425 ms
 Execution Time: 0.169 ms
(13 rows)

                                                          QUERY PLAN                                                           
-------------------------------------------------------------------------------------------------------------------------------
 HashAggregate  (cost=5.62..6.03 rows=11 width=516) (actual time=0.078..0.082 rows=13 loops=1)
   Group Key: d.nome
   Filter: (count(*) > 3)
   Batches: 1  Memory Usage: 24kB
   Rows Removed by Filter: 8
   ->  Hash Join  (cost=1.74..5.12 rows=100 width=516) (actual time=0.035..0.056 rows=98 loops=1)
         Hash Cond: (e.dep_id = d.dep_id)
         ->  Seq Scan on empregados e  (cost=0.00..2.00 rows=100 width=4) (actual time=0.006..0.011 rows=100 loops=1)
         ->  Hash  (cost=1.33..1.33 rows=33 width=520) (actual time=0.015..0.016 rows=33 loops=1)
               Buckets: 1024  Batches: 1  Memory Usage: 10kB
               ->  Seq Scan on departamentos d  (cost=0.00..1.33 rows=33 width=520) (actual time=0.003..0.006 rows=33 loops=1)
 Planning Time: 0.440 ms
 Execution Time: 0.175 ms
(13 rows)

                                                          QUERY PLAN                                                           
-------------------------------------------------------------------------------------------------------------------------------
 HashAggregate  (cost=5.62..6.03 rows=11 width=516) (actual time=0.148..0.154 rows=13 loops=1)
   Group Key: d.nome
   Filter: (count(*) > 3)
   Batches: 1  Memory Usage: 24kB
   Rows Removed by Filter: 8
   ->  Hash Join  (cost=1.74..5.12 rows=100 width=516) (actual time=0.049..0.104 rows=98 loops=1)
         Hash Cond: (e.dep_id = d.dep_id)
         ->  Seq Scan on empregados e  (cost=0.00..2.00 rows=100 width=4) (actual time=0.008..0.020 rows=100 loops=1)
         ->  Hash  (cost=1.33..1.33 rows=33 width=520) (actual time=0.025..0.025 rows=33 loops=1)
               Buckets: 1024  Batches: 1  Memory Usage: 10kB
               ->  Seq Scan on departamentos d  (cost=0.00..1.33 rows=33 width=520) (actual time=0.004..0.010 rows=33 loops=1)
 Planning Time: 0.622 ms
 Execution Time: 0.276 ms
(13 rows)

                                                          QUERY PLAN                                                           
-------------------------------------------------------------------------------------------------------------------------------
 HashAggregate  (cost=5.62..6.03 rows=11 width=516) (actual time=0.148..0.153 rows=13 loops=1)
   Group Key: d.nome
   Filter: (count(*) > 3)
   Batches: 1  Memory Usage: 24kB
   Rows Removed by Filter: 8
   ->  Hash Join  (cost=1.74..5.12 rows=100 width=516) (actual time=0.050..0.105 rows=98 loops=1)
         Hash Cond: (e.dep_id = d.dep_id)
         ->  Seq Scan on empregados e  (cost=0.00..2.00 rows=100 width=4) (actual time=0.008..0.019 rows=100 loops=1)
         ->  Hash  (cost=1.33..1.33 rows=33 width=520) (actual time=0.025..0.025 rows=33 loops=1)
               Buckets: 1024  Batches: 1  Memory Usage: 10kB
               ->  Seq Scan on departamentos d  (cost=0.00..1.33 rows=33 width=520) (actual time=0.004..0.010 rows=33 loops=1)
 Planning Time: 0.599 ms
 Execution Time: 0.273 ms
(13 rows)

                                                          QUERY PLAN                                                           
-------------------------------------------------------------------------------------------------------------------------------
 HashAggregate  (cost=5.62..6.03 rows=11 width=516) (actual time=17.510..17.514 rows=13 loops=1)
   Group Key: d.nome
   Filter: (count(*) > 3)
   Batches: 1  Memory Usage: 24kB
   Rows Removed by Filter: 8
   ->  Hash Join  (cost=1.74..5.12 rows=100 width=516) (actual time=17.433..17.455 rows=98 loops=1)
         Hash Cond: (e.dep_id = d.dep_id)
         ->  Seq Scan on empregados e  (cost=0.00..2.00 rows=100 width=4) (actual time=7.038..7.043 rows=100 loops=1)
         ->  Hash  (cost=1.33..1.33 rows=33 width=520) (actual time=10.367..10.368 rows=33 loops=1)
               Buckets: 1024  Batches: 1  Memory Usage: 10kB
               ->  Seq Scan on departamentos d  (cost=0.00..1.33 rows=33 width=520) (actual time=0.288..0.294 rows=33 loops=1)
 Planning Time: 203.034 ms
 Execution Time: 36.822 ms
(13 rows)

                                                          QUERY PLAN                                                           
-------------------------------------------------------------------------------------------------------------------------------
 HashAggregate  (cost=5.62..6.03 rows=11 width=516) (actual time=0.076..0.080 rows=13 loops=1)
   Group Key: d.nome
   Filter: (count(*) > 3)
   Batches: 1  Memory Usage: 24kB
   Rows Removed by Filter: 8
   ->  Hash Join  (cost=1.74..5.12 rows=100 width=516) (actual time=0.034..0.055 rows=98 loops=1)
         Hash Cond: (e.dep_id = d.dep_id)
         ->  Seq Scan on empregados e  (cost=0.00..2.00 rows=100 width=4) (actual time=0.005..0.010 rows=100 loops=1)
         ->  Hash  (cost=1.33..1.33 rows=33 width=520) (actual time=0.015..0.016 rows=33 loops=1)
               Buckets: 1024  Batches: 1  Memory Usage: 10kB
               ->  Seq Scan on departamentos d  (cost=0.00..1.33 rows=33 width=520) (actual time=0.003..0.006 rows=33 loops=1)
 Planning Time: 0.404 ms
 Execution Time: 0.168 ms
(13 rows)

                                                          QUERY PLAN                                                           
-------------------------------------------------------------------------------------------------------------------------------
 HashAggregate  (cost=5.62..6.03 rows=11 width=516) (actual time=0.076..0.094 rows=13 loops=1)
   Group Key: d.nome
   Filter: (count(*) > 3)
   Batches: 1  Memory Usage: 24kB
   Rows Removed by Filter: 8
   ->  Hash Join  (cost=1.74..5.12 rows=100 width=516) (actual time=0.034..0.069 rows=98 loops=1)
         Hash Cond: (e.dep_id = d.dep_id)
         ->  Seq Scan on empregados e  (cost=0.00..2.00 rows=100 width=4) (actual time=0.006..0.011 rows=100 loops=1)
         ->  Hash  (cost=1.33..1.33 rows=33 width=520) (actual time=0.015..0.030 rows=33 loops=1)
               Buckets: 1024  Batches: 1  Memory Usage: 10kB
               ->  Seq Scan on departamentos d  (cost=0.00..1.33 rows=33 width=520) (actual time=0.003..0.020 rows=33 loops=1)
 Planning Time: 0.404 ms
 Execution Time: 0.182 ms
(13 rows)

                                                          QUERY PLAN                                                           
-------------------------------------------------------------------------------------------------------------------------------
 HashAggregate  (cost=5.62..6.03 rows=11 width=516) (actual time=0.076..0.079 rows=13 loops=1)
   Group Key: d.nome
   Filter: (count(*) > 3)
   Batches: 1  Memory Usage: 24kB
   Rows Removed by Filter: 8
   ->  Hash Join  (cost=1.74..5.12 rows=100 width=516) (actual time=0.034..0.055 rows=98 loops=1)
         Hash Cond: (e.dep_id = d.dep_id)
         ->  Seq Scan on empregados e  (cost=0.00..2.00 rows=100 width=4) (actual time=0.005..0.011 rows=100 loops=1)
         ->  Hash  (cost=1.33..1.33 rows=33 width=520) (actual time=0.015..0.016 rows=33 loops=1)
               Buckets: 1024  Batches: 1  Memory Usage: 10kB
               ->  Seq Scan on departamentos d  (cost=0.00..1.33 rows=33 width=520) (actual time=0.003..0.006 rows=33 loops=1)
 Planning Time: 0.402 ms
 Execution Time: 0.166 ms
(13 rows)

                                                          QUERY PLAN                                                           
-------------------------------------------------------------------------------------------------------------------------------
 HashAggregate  (cost=5.62..6.03 rows=11 width=516) (actual time=0.079..0.082 rows=13 loops=1)
   Group Key: d.nome
   Filter: (count(*) > 3)
   Batches: 1  Memory Usage: 24kB
   Rows Removed by Filter: 8
   ->  Hash Join  (cost=1.74..5.12 rows=100 width=516) (actual time=0.034..0.057 rows=98 loops=1)
         Hash Cond: (e.dep_id = d.dep_id)
         ->  Seq Scan on empregados e  (cost=0.00..2.00 rows=100 width=4) (actual time=0.005..0.011 rows=100 loops=1)
         ->  Hash  (cost=1.33..1.33 rows=33 width=520) (actual time=0.016..0.016 rows=33 loops=1)
               Buckets: 1024  Batches: 1  Memory Usage: 10kB
               ->  Seq Scan on departamentos d  (cost=0.00..1.33 rows=33 width=520) (actual time=0.003..0.006 rows=33 loops=1)
 Planning Time: 0.401 ms
 Execution Time: 0.168 ms
(13 rows)

                                                          QUERY PLAN                                                           
-------------------------------------------------------------------------------------------------------------------------------
 HashAggregate  (cost=5.62..6.03 rows=11 width=516) (actual time=17.578..17.582 rows=13 loops=1)
   Group Key: d.nome
   Filter: (count(*) > 3)
   Batches: 1  Memory Usage: 24kB
   Rows Removed by Filter: 8
   ->  Hash Join  (cost=1.74..5.12 rows=100 width=516) (actual time=17.522..17.545 rows=98 loops=1)
         Hash Cond: (e.dep_id = d.dep_id)
         ->  Seq Scan on empregados e  (cost=0.00..2.00 rows=100 width=4) (actual time=7.121..7.127 rows=100 loops=1)
         ->  Hash  (cost=1.33..1.33 rows=33 width=520) (actual time=10.375..10.376 rows=33 loops=1)
               Buckets: 1024  Batches: 1  Memory Usage: 10kB
               ->  Seq Scan on departamentos d  (cost=0.00..1.33 rows=33 width=520) (actual time=0.172..0.178 rows=33 loops=1)
 Planning Time: 247.716 ms
 Execution Time: 36.846 ms
(13 rows)

                                                          QUERY PLAN                                                           
-------------------------------------------------------------------------------------------------------------------------------
 HashAggregate  (cost=5.62..6.03 rows=11 width=516) (actual time=0.076..0.080 rows=13 loops=1)
   Group Key: d.nome
   Filter: (count(*) > 3)
   Batches: 1  Memory Usage: 24kB
   Rows Removed by Filter: 8
   ->  Hash Join  (cost=1.74..5.12 rows=100 width=516) (actual time=0.034..0.055 rows=98 loops=1)
         Hash Cond: (e.dep_id = d.dep_id)
         ->  Seq Scan on empregados e  (cost=0.00..2.00 rows=100 width=4) (actual time=0.006..0.010 rows=100 loops=1)
         ->  Hash  (cost=1.33..1.33 rows=33 width=520) (actual time=0.016..0.016 rows=33 loops=1)
               Buckets: 1024  Batches: 1  Memory Usage: 10kB
               ->  Seq Scan on departamentos d  (cost=0.00..1.33 rows=33 width=520) (actual time=0.003..0.006 rows=33 loops=1)
 Planning Time: 0.409 ms
 Execution Time: 0.175 ms
(13 rows)

                                                          QUERY PLAN                                                           
-------------------------------------------------------------------------------------------------------------------------------
 HashAggregate  (cost=5.62..6.03 rows=11 width=516) (actual time=0.076..0.079 rows=13 loops=1)
   Group Key: d.nome
   Filter: (count(*) > 3)
   Batches: 1  Memory Usage: 24kB
   Rows Removed by Filter: 8
   ->  Hash Join  (cost=1.74..5.12 rows=100 width=516) (actual time=0.034..0.054 rows=98 loops=1)
         Hash Cond: (e.dep_id = d.dep_id)
         ->  Seq Scan on empregados e  (cost=0.00..2.00 rows=100 width=4) (actual time=0.006..0.011 rows=100 loops=1)
         ->  Hash  (cost=1.33..1.33 rows=33 width=520) (actual time=0.015..0.015 rows=33 loops=1)
               Buckets: 1024  Batches: 1  Memory Usage: 10kB
               ->  Seq Scan on departamentos d  (cost=0.00..1.33 rows=33 width=520) (actual time=0.003..0.006 rows=33 loops=1)
 Planning Time: 0.403 ms
 Execution Time: 0.169 ms
(13 rows)

                                                          QUERY PLAN                                                           
-------------------------------------------------------------------------------------------------------------------------------
 HashAggregate  (cost=5.62..6.03 rows=11 width=516) (actual time=0.075..0.078 rows=13 loops=1)
   Group Key: d.nome
   Filter: (count(*) > 3)
   Batches: 1  Memory Usage: 24kB
   Rows Removed by Filter: 8
   ->  Hash Join  (cost=1.74..5.12 rows=100 width=516) (actual time=0.033..0.054 rows=98 loops=1)
         Hash Cond: (e.dep_id = d.dep_id)
         ->  Seq Scan on empregados e  (cost=0.00..2.00 rows=100 width=4) (actual time=0.005..0.010 rows=100 loops=1)
         ->  Hash  (cost=1.33..1.33 rows=33 width=520) (actual time=0.015..0.015 rows=33 loops=1)
               Buckets: 1024  Batches: 1  Memory Usage: 10kB
               ->  Seq Scan on departamentos d  (cost=0.00..1.33 rows=33 width=520) (actual time=0.003..0.005 rows=33 loops=1)
 Planning Time: 0.401 ms
 Execution Time: 0.169 ms
(13 rows)

                                                          QUERY PLAN                                                           
-------------------------------------------------------------------------------------------------------------------------------
 HashAggregate  (cost=5.62..6.03 rows=11 width=516) (actual time=0.076..0.080 rows=13 loops=1)
   Group Key: d.nome
   Filter: (count(*) > 3)
   Batches: 1  Memory Usage: 24kB
   Rows Removed by Filter: 8
   ->  Hash Join  (cost=1.74..5.12 rows=100 width=516) (actual time=0.034..0.054 rows=98 loops=1)
         Hash Cond: (e.dep_id = d.dep_id)
         ->  Seq Scan on empregados e  (cost=0.00..2.00 rows=100 width=4) (actual time=0.006..0.011 rows=100 loops=1)
         ->  Hash  (cost=1.33..1.33 rows=33 width=520) (actual time=0.015..0.015 rows=33 loops=1)
               Buckets: 1024  Batches: 1  Memory Usage: 10kB
               ->  Seq Scan on departamentos d  (cost=0.00..1.33 rows=33 width=520) (actual time=0.003..0.005 rows=33 loops=1)
 Planning Time: 0.400 ms
 Execution Time: 0.172 ms
(13 rows)

