                                                          QUERY PLAN                                                           
-------------------------------------------------------------------------------------------------------------------------------
 Hash Join  (cost=584.00..1243.00 rows=19393 width=11) (actual time=666.066..679.232 rows=19402 loops=1)
   Hash Cond: (e1.supervisor_id = e2.emp_id)
   Join Filter: (e1.dep_id <> e2.dep_id)
   Rows Removed by Join Filter: 598
   ->  Seq Scan on empregados e1  (cost=0.00..334.00 rows=20000 width=15) (actual time=153.065..155.400 rows=20000 loops=1)
   ->  Hash  (cost=334.00..334.00 rows=20000 width=8) (actual time=512.673..512.674 rows=20000 loops=1)
         Buckets: 32768  Batches: 1  Memory Usage: 1038kB
         ->  Seq Scan on empregados e2  (cost=0.00..334.00 rows=20000 width=8) (actual time=0.011..397.395 rows=20000 loops=1)
 Planning Time: 1663.542 ms
 Execution Time: 733.195 ms
(10 rows)

                                                         QUERY PLAN                                                          
-----------------------------------------------------------------------------------------------------------------------------
 Hash Join  (cost=584.00..1243.00 rows=19393 width=11) (actual time=5.499..11.270 rows=19402 loops=1)
   Hash Cond: (e1.supervisor_id = e2.emp_id)
   Join Filter: (e1.dep_id <> e2.dep_id)
   Rows Removed by Join Filter: 598
   ->  Seq Scan on empregados e1  (cost=0.00..334.00 rows=20000 width=15) (actual time=0.003..1.154 rows=20000 loops=1)
   ->  Hash  (cost=334.00..334.00 rows=20000 width=8) (actual time=5.317..5.318 rows=20000 loops=1)
         Buckets: 32768  Batches: 1  Memory Usage: 1038kB
         ->  Seq Scan on empregados e2  (cost=0.00..334.00 rows=20000 width=8) (actual time=0.005..2.132 rows=20000 loops=1)
 Planning Time: 0.443 ms
 Execution Time: 11.909 ms
(10 rows)

                                                         QUERY PLAN                                                          
-----------------------------------------------------------------------------------------------------------------------------
 Hash Join  (cost=584.00..1243.00 rows=19393 width=11) (actual time=9.491..23.609 rows=19402 loops=1)
   Hash Cond: (e1.supervisor_id = e2.emp_id)
   Join Filter: (e1.dep_id <> e2.dep_id)
   Rows Removed by Join Filter: 598
   ->  Seq Scan on empregados e1  (cost=0.00..334.00 rows=20000 width=15) (actual time=0.004..2.408 rows=20000 loops=1)
   ->  Hash  (cost=334.00..334.00 rows=20000 width=8) (actual time=9.300..9.301 rows=20000 loops=1)
         Buckets: 32768  Batches: 1  Memory Usage: 1038kB
         ->  Seq Scan on empregados e2  (cost=0.00..334.00 rows=20000 width=8) (actual time=0.004..3.756 rows=20000 loops=1)
 Planning Time: 0.573 ms
 Execution Time: 24.900 ms
(10 rows)

                                                         QUERY PLAN                                                          
-----------------------------------------------------------------------------------------------------------------------------
 Hash Join  (cost=584.00..1243.00 rows=19393 width=11) (actual time=10.295..21.802 rows=19402 loops=1)
   Hash Cond: (e1.supervisor_id = e2.emp_id)
   Join Filter: (e1.dep_id <> e2.dep_id)
   Rows Removed by Join Filter: 598
   ->  Seq Scan on empregados e1  (cost=0.00..334.00 rows=20000 width=15) (actual time=0.004..2.194 rows=20000 loops=1)
   ->  Hash  (cost=334.00..334.00 rows=20000 width=8) (actual time=10.099..10.101 rows=20000 loops=1)
         Buckets: 32768  Batches: 1  Memory Usage: 1038kB
         ->  Seq Scan on empregados e2  (cost=0.00..334.00 rows=20000 width=8) (actual time=0.011..3.693 rows=20000 loops=1)
 Planning Time: 0.554 ms
 Execution Time: 22.959 ms
(10 rows)

                                                         QUERY PLAN                                                          
-----------------------------------------------------------------------------------------------------------------------------
 Hash Join  (cost=584.00..1243.00 rows=19393 width=11) (actual time=12.256..22.530 rows=19402 loops=1)
   Hash Cond: (e1.supervisor_id = e2.emp_id)
   Join Filter: (e1.dep_id <> e2.dep_id)
   Rows Removed by Join Filter: 598
   ->  Seq Scan on empregados e1  (cost=0.00..334.00 rows=20000 width=15) (actual time=0.012..2.056 rows=20000 loops=1)
   ->  Hash  (cost=334.00..334.00 rows=20000 width=8) (actual time=12.051..12.055 rows=20000 loops=1)
         Buckets: 32768  Batches: 1  Memory Usage: 1038kB
         ->  Seq Scan on empregados e2  (cost=0.00..334.00 rows=20000 width=8) (actual time=0.006..4.007 rows=20000 loops=1)
 Planning Time: 0.567 ms
 Execution Time: 23.572 ms
(10 rows)

